Using pre-set license
Built from '2021.2/staging' branch; Version is '2021.2.5f1 (4ec9a5e799f5) revision 5163429'; Using compiler version '192829333'; Build Type 'Release'
OS: 'Windows 10  (10.0.19044) 64bit Core' Language: 'da' Physical Memory: 32659 MB
BatchMode: 1, IsHumanControllingUs: 0, StartBugReporterOnCrash: 0, Is64bit: 1, IsPro: 0

COMMAND LINE ARGUMENTS:
C:\Program Files\Unity\Hub\Editor\2021.2.5f1\Editor\Unity.exe
-adb2
-batchMode
-noUpm
-name
AssetImportWorker4
-projectPath
C:/Users/Matth/Documents/GitHub/ProgrammeringsEksamen-/Virtuel Shopping
-logFile
Logs/AssetImportWorker4.log
-srvPort
50929
Successfully changed project path to: C:/Users/Matth/Documents/GitHub/ProgrammeringsEksamen-/Virtuel Shopping
C:/Users/Matth/Documents/GitHub/ProgrammeringsEksamen-/Virtuel Shopping
[UnityMemory] Configuration Parameters - Can be set up in boot.config
    "memorysetup-bucket-allocator-granularity=16"
    "memorysetup-bucket-allocator-bucket-count=8"
    "memorysetup-bucket-allocator-block-size=33554432"
    "memorysetup-bucket-allocator-block-count=8"
    "memorysetup-main-allocator-block-size=16777216"
    "memorysetup-thread-allocator-block-size=16777216"
    "memorysetup-gfx-main-allocator-block-size=16777216"
    "memorysetup-gfx-thread-allocator-block-size=16777216"
    "memorysetup-cache-allocator-block-size=4194304"
    "memorysetup-typetree-allocator-block-size=2097152"
    "memorysetup-profiler-bucket-allocator-granularity=16"
    "memorysetup-profiler-bucket-allocator-bucket-count=8"
    "memorysetup-profiler-bucket-allocator-block-size=33554432"
    "memorysetup-profiler-bucket-allocator-block-count=8"
    "memorysetup-profiler-allocator-block-size=16777216"
    "memorysetup-profiler-editor-allocator-block-size=1048576"
    "memorysetup-temp-allocator-size-main=16777216"
    "memorysetup-job-temp-allocator-block-size=2097152"
    "memorysetup-job-temp-allocator-block-size-background=1048576"
    "memorysetup-job-temp-allocator-reduction-small-platforms=262144"
    "memorysetup-temp-allocator-size-background-worker=32768"
    "memorysetup-temp-allocator-size-job-worker=262144"
    "memorysetup-temp-allocator-size-preload-manager=33554432"
    "memorysetup-temp-allocator-size-nav-mesh-worker=65536"
    "memorysetup-temp-allocator-size-audio-worker=65536"
    "memorysetup-temp-allocator-size-cloud-worker=32768"
    "memorysetup-temp-allocator-size-gi-baking-worker=262144"
    "memorysetup-temp-allocator-size-gfx=262144"
Refreshing native plugins compatible for Editor in 65.97 ms, found 3 plugins.
Preloading 0 native plugins for Editor in 0.00 ms.
Initialize engine version: 2021.2.5f1 (4ec9a5e799f5)
[Subsystems] Discovering subsystems at path C:/Program Files/Unity/Hub/Editor/2021.2.5f1/Editor/Data/Resources/UnitySubsystems
[Subsystems] Discovering subsystems at path C:/Users/Matth/Documents/GitHub/ProgrammeringsEksamen-/Virtuel Shopping/Assets
GfxDevice: creating device client; threaded=0; jobified=0
Direct3D:
    Version:  Direct3D 11.0 [level 11.1]
    Renderer: NVIDIA GeForce RTX 3070 (ID=0x2484)
    Vendor:   NVIDIA
    VRAM:     8043 MB
    Driver:   30.0.14.9729
Initialize mono
Mono path[0] = 'C:/Program Files/Unity/Hub/Editor/2021.2.5f1/Editor/Data/Managed'
Mono path[1] = 'C:/Program Files/Unity/Hub/Editor/2021.2.5f1/Editor/Data/MonoBleedingEdge/lib/mono/unityjit-win32'
Mono config path = 'C:/Program Files/Unity/Hub/Editor/2021.2.5f1/Editor/Data/MonoBleedingEdge/etc'
Using monoOptions --debugger-agent=transport=dt_socket,embedding=1,server=y,suspend=n,address=127.0.0.1:56216
Begin MonoManager ReloadAssembly
Registering precompiled unity dll's ...
Register platform support module: C:/Program Files/Unity/Hub/Editor/2021.2.5f1/Editor/Data/PlaybackEngines/WebGLSupport/UnityEditor.WebGL.Extensions.dll
Register platform support module: C:/Program Files/Unity/Hub/Editor/2021.2.5f1/Editor/Data/PlaybackEngines/WindowsStandaloneSupport/UnityEditor.WindowsStandalone.Extensions.dll
Registered in 0.007106 seconds.
Native extension for WindowsStandalone target not found
Native extension for WebGL target not found
Refreshing native plugins compatible for Editor in 66.16 ms, found 3 plugins.
Preloading 0 native plugins for Editor in 0.00 ms.
Mono: successfully reloaded assembly
- Completed reload, in  0.532 seconds
Domain Reload Profiling:
	ReloadAssembly (532ms)
		BeginReloadAssembly (63ms)
			ExecutionOrderSort (0ms)
			DisableScriptedObjects (0ms)
			BackupInstance (0ms)
			ReleaseScriptingObjects (0ms)
			CreateAndSetChildDomain (1ms)
		EndReloadAssembly (394ms)
			LoadAssemblies (61ms)
			RebuildTransferFunctionScriptingTraits (0ms)
			SetupTypeCache (88ms)
			ReleaseScriptCaches (0ms)
			RebuildScriptCaches (23ms)
			SetupLoadedEditorAssemblies (240ms)
				LogAssemblyErrors (0ms)
				InitializePlatformSupportModulesInManaged (14ms)
				SetLoadedEditorAssemblies (0ms)
				RefreshPlugins (66ms)
				BeforeProcessingInitializeOnLoad (1ms)
				ProcessInitializeOnLoadAttributes (119ms)
				ProcessInitializeOnLoadMethodAttributes (40ms)
				AfterProcessingInitializeOnLoad (0ms)
				EditorAssembliesLoaded (0ms)
			ExecutionOrderSort2 (0ms)
			AwakeInstancesAfterBackupRestoration (0ms)
Platform modules already initialized, skipping
Registering precompiled user dll's ...
Registered in 0.005205 seconds.
Begin MonoManager ReloadAssembly
Symbol file LoadedFromMemory doesn't match image C:\Users\Matth\Documents\GitHub\ProgrammeringsEksamen-\Virtuel Shopping\Library\PackageCache\com.unity.visualscripting@1.7.5\Editor\VisualScripting.Core\Dependencies\YamlDotNet\Unity.VisualScripting.YamlDotNet.dll
Symbol file LoadedFromMemory doesn't match image C:\Users\Matth\Documents\GitHub\ProgrammeringsEksamen-\Virtuel Shopping\Library\PackageCache\com.unity.visualscripting@1.7.5\Editor\VisualScripting.Core\Dependencies\DotNetZip\Unity.VisualScripting.IonicZip.dll
Native extension for WindowsStandalone target not found
Native extension for WebGL target not found
Refreshing native plugins compatible for Editor in 0.49 ms, found 3 plugins.
Preloading 0 native plugins for Editor in 0.00 ms.
Mono: successfully reloaded assembly
- Completed reload, in  0.993 seconds
Domain Reload Profiling:
	ReloadAssembly (993ms)
		BeginReloadAssembly (143ms)
			ExecutionOrderSort (0ms)
			DisableScriptedObjects (5ms)
			BackupInstance (0ms)
			ReleaseScriptingObjects (0ms)
			CreateAndSetChildDomain (16ms)
		EndReloadAssembly (770ms)
			LoadAssemblies (67ms)
			RebuildTransferFunctionScriptingTraits (0ms)
			SetupTypeCache (248ms)
			ReleaseScriptCaches (1ms)
			RebuildScriptCaches (45ms)
			SetupLoadedEditorAssemblies (325ms)
				LogAssemblyErrors (0ms)
				InitializePlatformSupportModulesInManaged (12ms)
				SetLoadedEditorAssemblies (0ms)
				RefreshPlugins (1ms)
				BeforeProcessingInitializeOnLoad (74ms)
				ProcessInitializeOnLoadAttributes (211ms)
				ProcessInitializeOnLoadMethodAttributes (20ms)
				AfterProcessingInitializeOnLoad (7ms)
				EditorAssembliesLoaded (0ms)
			ExecutionOrderSort2 (0ms)
			AwakeInstancesAfterBackupRestoration (5ms)
Platform modules already initialized, skipping
========================================================================
Worker process is ready to serve import requests
Launched and connected shader compiler UnityShaderCompiler.exe after 0.07 seconds
Refreshing native plugins compatible for Editor in 1.34 ms, found 3 plugins.
Preloading 0 native plugins for Editor in 0.00 ms.
Unloading 3212 Unused Serialized files (Serialized files now loaded: 0)
Unloading 26 unused Assets / (112.0 KB). Loaded Objects now: 3672.
Memory consumption went from 115.5 MB to 115.4 MB.
Total: 4.252300 ms (FindLiveObjects: 0.527900 ms CreateObjectMapping: 0.388700 ms MarkObjects: 3.209700 ms  DeleteObjects: 0.124600 ms)

AssetImportParameters requested are different than current active one (requested -> active):
  custom:video-decoder-ogg-theora: a1e56fd34408186e4bbccfd4996cb3dc -> 
  custom:container-muxer-webm: aa71ff27fc2769a1b78a27578f13a17b -> 
  custom:container-demuxer-webm: 4f35f7cbe854078d1ac9338744f61a02 -> 
  custom:video-encoder-webm-vp8: eb34c28f22e8b96e1ab97ce403110664 -> 
  custom:audio-encoder-webm-vorbis: bf7c407c2cedff20999df2af8eb42d56 -> 
  custom:framework-win-MediaFoundation: 216162199b28c13a410421893ffa2e32 -> 
  custom:container-demuxer-ogg: 62fdf1f143b41e24485cea50d1cbac27 -> 
  custom:video-decoder-webm-vp8: 9c59270c3fd7afecdb556c50c9e8de78 -> 
  custom:audio-decoder-ogg-vorbis: bf7c407c2cedff20999df2af8eb42d56 -> 
========================================================================
Received Import Request.
  Time since last request: 13197.182378 seconds.
  path: Assets/Prefabs/Asset store/HighDefinitionOfficeProps
  artifactKey: Guid(436484ac14081e94ab0d13324ce503e2) Importer(815301076,1909f56bfc062723c751e8b465ee728b)
Start importing Assets/Prefabs/Asset store/HighDefinitionOfficeProps using Guid(436484ac14081e94ab0d13324ce503e2) Importer(815301076,1909f56bfc062723c751e8b465ee728b)  -> (artifact id: '9e4a2404c73b0b7d86d527d384e626cb') in 0.007911 seconds 
========================================================================
Received Import Request.
  Time since last request: 1.555690 seconds.
  path: Assets/Prefabs/Asset store/HighDefinitionOfficeProps/Models
  artifactKey: Guid(005e1435d99b38c4d9ce89182d1e3358) Importer(815301076,1909f56bfc062723c751e8b465ee728b)
Start importing Assets/Prefabs/Asset store/HighDefinitionOfficeProps/Models using Guid(005e1435d99b38c4d9ce89182d1e3358) Importer(815301076,1909f56bfc062723c751e8b465ee728b)  -> (artifact id: '15603f908e2513db31e42442524b4003') in 0.004585 seconds 
========================================================================
Received Import Request.
  Time since last request: 0.066291 seconds.
  path: Assets/Prefabs/Asset store/HighDefinitionOfficeProps/Models/BusinessCardHolder.fbx
  artifactKey: Guid(bf6b3370d4f6849489d78612fea0f5fc) Importer(815301076,1909f56bfc062723c751e8b465ee728b)
Start importing Assets/Prefabs/Asset store/HighDefinitionOfficeProps/Models/BusinessCardHolder.fbx using Guid(bf6b3370d4f6849489d78612fea0f5fc) Importer(815301076,1909f56bfc062723c751e8b465ee728b)  -> (artifact id: '18a58e981a0d89e759551dd34c37888d') in 0.142399 seconds 
========================================================================
Received Import Request.
  Time since last request: 0.000019 seconds.
  path: Assets/Prefabs/Asset store/HighDefinitionOfficeProps/Models/PencilHolder1.fbx
  artifactKey: Guid(0cd174fd4d202dd4fac42072391d46bc) Importer(815301076,1909f56bfc062723c751e8b465ee728b)
Start importing Assets/Prefabs/Asset store/HighDefinitionOfficeProps/Models/PencilHolder1.fbx using Guid(0cd174fd4d202dd4fac42072391d46bc) Importer(815301076,1909f56bfc062723c751e8b465ee728b)  -> (artifact id: '0d39cb1fbde16e7829123e1413fa8613') in 0.026233 seconds 
========================================================================
Received Import Request.
  Time since last request: 0.000023 seconds.
  path: Assets/Prefabs/Asset store/HighDefinitionOfficeProps/Models/Tape.fbx
  artifactKey: Guid(7a356e912a698f44cb4968664cb14267) Importer(815301076,1909f56bfc062723c751e8b465ee728b)
Start importing Assets/Prefabs/Asset store/HighDefinitionOfficeProps/Models/Tape.fbx using Guid(7a356e912a698f44cb4968664cb14267) Importer(815301076,1909f56bfc062723c751e8b465ee728b)  -> (artifact id: '7af77037676e4c805707c93cfde81c73') in 0.242861 seconds 
========================================================================
Received Import Request.
  Time since last request: 0.000022 seconds.
  path: Assets/Prefabs/Asset store/HighDefinitionOfficeProps/Models/PencilHolder2.fbx
  artifactKey: Guid(8f384002d2ce88d44a84f05532960331) Importer(815301076,1909f56bfc062723c751e8b465ee728b)
Start importing Assets/Prefabs/Asset store/HighDefinitionOfficeProps/Models/PencilHolder2.fbx using Guid(8f384002d2ce88d44a84f05532960331) Importer(815301076,1909f56bfc062723c751e8b465ee728b)  -> (artifact id: '33879681d08680cf8b0b3f097d690316') in 0.021201 seconds 
========================================================================
Received Import Request.
  Time since last request: 0.000024 seconds.
  path: Assets/Prefabs/Asset store/HighDefinitionOfficeProps/Models/LaserGreen.prefab
  artifactKey: Guid(1f82b60d52be232439c2bdad4096e262) Importer(815301076,1909f56bfc062723c751e8b465ee728b)
Start importing Assets/Prefabs/Asset store/HighDefinitionOfficeProps/Models/LaserGreen.prefab using Guid(1f82b60d52be232439c2bdad4096e262) Importer(815301076,1909f56bfc062723c751e8b465ee728b)  -> (artifact id: '995e4c8b23e74d9f08cf6b1ec5ac1e9d') in 0.022877 seconds 
========================================================================
Received Import Request.
  Time since last request: 0.000013 seconds.
  path: Assets/Prefabs/Asset store/HighDefinitionOfficeProps/Models/StickyNotesFlat.prefab
  artifactKey: Guid(fd7ec5bc21619de4bb2a5c7932110236) Importer(815301076,1909f56bfc062723c751e8b465ee728b)
Start importing Assets/Prefabs/Asset store/HighDefinitionOfficeProps/Models/StickyNotesFlat.prefab using Guid(fd7ec5bc21619de4bb2a5c7932110236) Importer(815301076,1909f56bfc062723c751e8b465ee728b)  -> (artifact id: '62d460b735e3465adcef2a9bb062b0cd') in 0.019352 seconds 
========================================================================
Received Import Request.
  Time since last request: 0.000014 seconds.
  path: Assets/Prefabs/Asset store/HighDefinitionOfficeProps/Models/PencilSharpened.fbx
  artifactKey: Guid(b70161a0416c7e54da29f85a8e567e63) Importer(815301076,1909f56bfc062723c751e8b465ee728b)
Start importing Assets/Prefabs/Asset store/HighDefinitionOfficeProps/Models/PencilSharpened.fbx using Guid(b70161a0416c7e54da29f85a8e567e63) Importer(815301076,1909f56bfc062723c751e8b465ee728b)  -> (artifact id: '3bde831de91c567d52a7c84deb9d4abb') in 0.021194 seconds 
========================================================================
Received Import Request.
  Time since last request: 0.000022 seconds.
  path: Assets/Prefabs/Asset store/HighDefinitionOfficeProps/Models/Whiteout.fbx
  artifactKey: Guid(5f20c0f5229b5194babac499722d54af) Importer(815301076,1909f56bfc062723c751e8b465ee728b)
Start importing Assets/Prefabs/Asset store/HighDefinitionOfficeProps/Models/Whiteout.fbx using Guid(5f20c0f5229b5194babac499722d54af) Importer(815301076,1909f56bfc062723c751e8b465ee728b)  -> (artifact id: '1e3f1450d03ecc036665bba0797461b1') in 0.032974 seconds 
========================================================================
Received Import Request.
  Time since last request: 8.813819 seconds.
  path: Assets/Prefabs/Asset store/FROOD/Prefabs
  artifactKey: Guid(2663222b3f4b8304d933d340f14f9141) Importer(815301076,1909f56bfc062723c751e8b465ee728b)
Start importing Assets/Prefabs/Asset store/FROOD/Prefabs using Guid(2663222b3f4b8304d933d340f14f9141) Importer(815301076,1909f56bfc062723c751e8b465ee728b)  -> (artifact id: '1e9f652720939ff4b0d62df96b7b3877') in 0.001345 seconds 
========================================================================
Received Import Request.
  Time since last request: 0.540002 seconds.
  path: Assets/Prefabs/Asset store/FROOD/Prefabs/Apple.prefab
  artifactKey: Guid(7fcd3278f7f2d5742930764d5f8e4ada) Importer(815301076,1909f56bfc062723c751e8b465ee728b)
Start importing Assets/Prefabs/Asset store/FROOD/Prefabs/Apple.prefab using Guid(7fcd3278f7f2d5742930764d5f8e4ada) Importer(815301076,1909f56bfc062723c751e8b465ee728b)  -> (artifact id: '9329f7afc4adeb1d294516da46d1024d') in 0.011289 seconds 
========================================================================
Received Import Request.
  Time since last request: 0.000017 seconds.
  path: Assets/Prefabs/Asset store/FROOD/Prefabs/Drink.prefab
  artifactKey: Guid(6fd0215ff269eee4bbd20ce51f8eae21) Importer(815301076,1909f56bfc062723c751e8b465ee728b)
Start importing Assets/Prefabs/Asset store/FROOD/Prefabs/Drink.prefab using Guid(6fd0215ff269eee4bbd20ce51f8eae21) Importer(815301076,1909f56bfc062723c751e8b465ee728b)  -> (artifact id: '91017ab79da071d9a22d664ed87a90ba') in 0.014740 seconds 
========================================================================
Received Import Request.
  Time since last request: 49.074630 seconds.
  path: Assets/Prefabs/Asset store/PolygonalMind
  artifactKey: Guid(4d9d8ea4ca95a49458e8e2af6a87eaf7) Importer(815301076,1909f56bfc062723c751e8b465ee728b)
Start importing Assets/Prefabs/Asset store/PolygonalMind using Guid(4d9d8ea4ca95a49458e8e2af6a87eaf7) Importer(815301076,1909f56bfc062723c751e8b465ee728b)  -> (artifact id: '4dceec325933e9f49ae5c529313d9e3d') in 0.004614 seconds 
========================================================================
Received Import Request.
  Time since last request: 0.663094 seconds.
  path: Assets/Prefabs/Asset store/PolygonalMind/LowPolyOffice
  artifactKey: Guid(06d0bec33cddef743a42a7ae9c65f278) Importer(815301076,1909f56bfc062723c751e8b465ee728b)
Start importing Assets/Prefabs/Asset store/PolygonalMind/LowPolyOffice using Guid(06d0bec33cddef743a42a7ae9c65f278) Importer(815301076,1909f56bfc062723c751e8b465ee728b)  -> (artifact id: '2860d370880c11fc22ab6934ee8aab2f') in 0.004343 seconds 
========================================================================
Received Import Request.
  Time since last request: 0.615826 seconds.
  path: Assets/Prefabs/Asset store/PolygonalMind/LowPolyOffice/Props
  artifactKey: Guid(79eb3bd2475daea438944f579c94864a) Importer(815301076,1909f56bfc062723c751e8b465ee728b)
Start importing Assets/Prefabs/Asset store/PolygonalMind/LowPolyOffice/Props using Guid(79eb3bd2475daea438944f579c94864a) Importer(815301076,1909f56bfc062723c751e8b465ee728b)  -> (artifact id: '19ec09500a58064c0b7ef754e017b3c8') in 0.004497 seconds 
========================================================================
Received Import Request.
  Time since last request: 1.087196 seconds.
  path: Assets/Prefabs/Asset store/PolygonalMind/LowPolyOffice/Characters
  artifactKey: Guid(22b5e4fd1065ddc4c9de4e1aad002de4) Importer(815301076,1909f56bfc062723c751e8b465ee728b)
Start importing Assets/Prefabs/Asset store/PolygonalMind/LowPolyOffice/Characters using Guid(22b5e4fd1065ddc4c9de4e1aad002de4) Importer(815301076,1909f56bfc062723c751e8b465ee728b)  -> (artifact id: '8b6748dfb6da009acf7c4731dfce40d4') in 0.004542 seconds 
========================================================================
Received Import Request.
  Time since last request: 0.138560 seconds.
  path: Assets/Prefabs/Asset store/PolygonalMind/LowPolyOffice/Characters/mesh_office_f_accountant01.fbx
  artifactKey: Guid(1d549942b3bfb7f43a1977dd6aa83a3d) Importer(815301076,1909f56bfc062723c751e8b465ee728b)
Start importing Assets/Prefabs/Asset store/PolygonalMind/LowPolyOffice/Characters/mesh_office_f_accountant01.fbx using Guid(1d549942b3bfb7f43a1977dd6aa83a3d) Importer(815301076,1909f56bfc062723c751e8b465ee728b)  -> (artifact id: '07a71130ab51b228bfb9989ac4588a37') in 0.053902 seconds 
========================================================================
Received Import Request.
  Time since last request: 0.000018 seconds.
  path: Assets/Prefabs/Asset store/PolygonalMind/LowPolyOffice/Characters/mesh_office_m_cleaning01.fbx
  artifactKey: Guid(a8a9111dda17c03468f31a452d4b1727) Importer(815301076,1909f56bfc062723c751e8b465ee728b)
Start importing Assets/Prefabs/Asset store/PolygonalMind/LowPolyOffice/Characters/mesh_office_m_cleaning01.fbx using Guid(a8a9111dda17c03468f31a452d4b1727) Importer(815301076,1909f56bfc062723c751e8b465ee728b)  -> (artifact id: '1999f5d6d1b672f0ade24e5848f5dd19') in 0.028920 seconds 
========================================================================
Received Import Request.
  Time since last request: 0.000020 seconds.
  path: Assets/Prefabs/Asset store/PolygonalMind/LowPolyOffice/Characters/mesh_office_m_recepcionist01.fbx
  artifactKey: Guid(99ce9a003a52a734eb94c75c86ed4e3d) Importer(815301076,1909f56bfc062723c751e8b465ee728b)
Start importing Assets/Prefabs/Asset store/PolygonalMind/LowPolyOffice/Characters/mesh_office_m_recepcionist01.fbx using Guid(99ce9a003a52a734eb94c75c86ed4e3d) Importer(815301076,1909f56bfc062723c751e8b465ee728b)  -> (artifact id: '57da0d8ba1e5f035d78eb99b62694350') in 0.023099 seconds 
========================================================================
Received Import Request.
  Time since last request: 0.000019 seconds.
  path: Assets/Prefabs/Asset store/PolygonalMind/LowPolyOffice/Characters/mesh_office_f_cleaning01.fbx
  artifactKey: Guid(4cd1d8a3fc2464b43b0399f07fdad9f0) Importer(815301076,1909f56bfc062723c751e8b465ee728b)
Start importing Assets/Prefabs/Asset store/PolygonalMind/LowPolyOffice/Characters/mesh_office_f_cleaning01.fbx using Guid(4cd1d8a3fc2464b43b0399f07fdad9f0) Importer(815301076,1909f56bfc062723c751e8b465ee728b)  -> (artifact id: '05dc61218c1a8d6655cc079e1f1df482') in 0.024178 seconds 
========================================================================
Received Import Request.
  Time since last request: 0.000021 seconds.
  path: Assets/Prefabs/Asset store/PolygonalMind/LowPolyOffice/Characters/mesh_office_m_accountant01.fbx
  artifactKey: Guid(019e63eb398053c4ab097c7d982339d2) Importer(815301076,1909f56bfc062723c751e8b465ee728b)
Start importing Assets/Prefabs/Asset store/PolygonalMind/LowPolyOffice/Characters/mesh_office_m_accountant01.fbx using Guid(019e63eb398053c4ab097c7d982339d2) Importer(815301076,1909f56bfc062723c751e8b465ee728b)  -> (artifact id: '0b99af86314dc1b6fb41f08eb2b06678') in 0.025387 seconds 
========================================================================
Received Import Request.
  Time since last request: 0.000027 seconds.
  path: Assets/Prefabs/Asset store/PolygonalMind/LowPolyOffice/Characters/mesh_office_m_suspenders01.fbx
  artifactKey: Guid(4e6fd9393b923094db14dc563f557f38) Importer(815301076,1909f56bfc062723c751e8b465ee728b)
Start importing Assets/Prefabs/Asset store/PolygonalMind/LowPolyOffice/Characters/mesh_office_m_suspenders01.fbx using Guid(4e6fd9393b923094db14dc563f557f38) Importer(815301076,1909f56bfc062723c751e8b465ee728b)  -> (artifact id: '7f04143b69ec330b76085a3209a53d9c') in 0.025247 seconds 
========================================================================
Received Import Request.
  Time since last request: 1.654201 seconds.
  path: Assets/Prefabs/Asset store/PolygonalMind/LowPolyOffice/Props/mesh_3dPrinter.fbx
  artifactKey: Guid(a87a53b996c2d6a4782bff6305722eb1) Importer(815301076,1909f56bfc062723c751e8b465ee728b)
Start importing Assets/Prefabs/Asset store/PolygonalMind/LowPolyOffice/Props/mesh_3dPrinter.fbx using Guid(a87a53b996c2d6a4782bff6305722eb1) Importer(815301076,1909f56bfc062723c751e8b465ee728b)  -> (artifact id: '9801b86ccd443aa54d1fc81a48a2b1b2') in 0.018589 seconds 
========================================================================
Received Import Request.
  Time since last request: 0.000018 seconds.
  path: Assets/Prefabs/Asset store/PolygonalMind/LowPolyOffice/Props/mesh_suitcase.fbx
  artifactKey: Guid(5626c511a4665b244b2b0c1069142c16) Importer(815301076,1909f56bfc062723c751e8b465ee728b)
Start importing Assets/Prefabs/Asset store/PolygonalMind/LowPolyOffice/Props/mesh_suitcase.fbx using Guid(5626c511a4665b244b2b0c1069142c16) Importer(815301076,1909f56bfc062723c751e8b465ee728b)  -> (artifact id: 'eb1ff7564958cc80655a10163f93e3ff') in 0.016566 seconds 
========================================================================
Received Import Request.
  Time since last request: 0.000017 seconds.
  path: Assets/Prefabs/Asset store/PolygonalMind/LowPolyOffice/Props/mesh_microwave.fbx
  artifactKey: Guid(780a4a4a4fca95148b5981b43a567a5a) Importer(815301076,1909f56bfc062723c751e8b465ee728b)
Start importing Assets/Prefabs/Asset store/PolygonalMind/LowPolyOffice/Props/mesh_microwave.fbx using Guid(780a4a4a4fca95148b5981b43a567a5a) Importer(815301076,1909f56bfc062723c751e8b465ee728b)  -> (artifact id: '27784f026f63e0cffb737366a6a9804e') in 0.031690 seconds 
========================================================================
Received Import Request.
  Time since last request: 0.000022 seconds.
  path: Assets/Prefabs/Asset store/PolygonalMind/LowPolyOffice/Props/mesh_chair_01.fbx
  artifactKey: Guid(1530b6e8012e5ad44972efb447aa7d11) Importer(815301076,1909f56bfc062723c751e8b465ee728b)
Start importing Assets/Prefabs/Asset store/PolygonalMind/LowPolyOffice/Props/mesh_chair_01.fbx using Guid(1530b6e8012e5ad44972efb447aa7d11) Importer(815301076,1909f56bfc062723c751e8b465ee728b)  -> (artifact id: 'c5ad8f7e2abe56a149435bad7564e282') in 0.018026 seconds 
========================================================================
Received Import Request.
  Time since last request: 0.000030 seconds.
  path: Assets/Prefabs/Asset store/PolygonalMind/LowPolyOffice/Props/mesh_toolbox.fbx
  artifactKey: Guid(0873ee0553f90d543bf619b564bd9611) Importer(815301076,1909f56bfc062723c751e8b465ee728b)
Start importing Assets/Prefabs/Asset store/PolygonalMind/LowPolyOffice/Props/mesh_toolbox.fbx using Guid(0873ee0553f90d543bf619b564bd9611) Importer(815301076,1909f56bfc062723c751e8b465ee728b)  -> (artifact id: 'ae7c75a050b13d5e288b584b393e7475') in 0.020325 seconds 
========================================================================
Received Import Request.
  Time since last request: 0.000048 seconds.
  path: Assets/Prefabs/Asset store/PolygonalMind/LowPolyOffice/Props/mesh_window.fbx
  artifactKey: Guid(1e861bfed19ef9e419528c4862abb705) Importer(815301076,1909f56bfc062723c751e8b465ee728b)
Start importing Assets/Prefabs/Asset store/PolygonalMind/LowPolyOffice/Props/mesh_window.fbx using Guid(1e861bfed19ef9e419528c4862abb705) Importer(815301076,1909f56bfc062723c751e8b465ee728b)  -> (artifact id: 'c8a1122c3d67f4d2f386cdfceaf56f4c') in 0.070813 seconds 
========================================================================
Received Import Request.
  Time since last request: 0.000025 seconds.
  path: Assets/Prefabs/Asset store/PolygonalMind/LowPolyOffice/Props/mesh_shelf_01.fbx
  artifactKey: Guid(bcfec9a09800316479a203487f979f29) Importer(815301076,1909f56bfc062723c751e8b465ee728b)
Start importing Assets/Prefabs/Asset store/PolygonalMind/LowPolyOffice/Props/mesh_shelf_01.fbx using Guid(bcfec9a09800316479a203487f979f29) Importer(815301076,1909f56bfc062723c751e8b465ee728b)  -> (artifact id: '3e2cfb3f7965fb76e397a4db1e98f217') in 0.018054 seconds 
========================================================================
Received Import Request.
  Time since last request: 0.000028 seconds.
  path: Assets/Prefabs/Asset store/PolygonalMind/LowPolyOffice/Props/Mesh_Door_Exit.fbx
  artifactKey: Guid(641bb16b2f0bb0c48857f3cf92cf1aa9) Importer(815301076,1909f56bfc062723c751e8b465ee728b)
Start importing Assets/Prefabs/Asset store/PolygonalMind/LowPolyOffice/Props/Mesh_Door_Exit.fbx using Guid(641bb16b2f0bb0c48857f3cf92cf1aa9) Importer(815301076,1909f56bfc062723c751e8b465ee728b)  -> (artifact id: 'd2e5ce5117b2819093e4055411f91a4c') in 0.018104 seconds 
========================================================================
Received Import Request.
  Time since last request: 0.000028 seconds.
  path: Assets/Prefabs/Asset store/PolygonalMind/LowPolyOffice/Props/mesh_plant_b_01.fbx
  artifactKey: Guid(8bdb4a45ed93f8b4bbd8b5938bafbc81) Importer(815301076,1909f56bfc062723c751e8b465ee728b)
Start importing Assets/Prefabs/Asset store/PolygonalMind/LowPolyOffice/Props/mesh_plant_b_01.fbx using Guid(8bdb4a45ed93f8b4bbd8b5938bafbc81) Importer(815301076,1909f56bfc062723c751e8b465ee728b)  -> (artifact id: '12daae9711ed77a38a24dc1647669a2c') in 0.017227 seconds 
========================================================================
Received Import Request.
  Time since last request: 0.000025 seconds.
  path: Assets/Prefabs/Asset store/PolygonalMind/LowPolyOffice/Props/mesh_photo.fbx
  artifactKey: Guid(5e7c9835ef504ec4b946488ea4724292) Importer(815301076,1909f56bfc062723c751e8b465ee728b)
Start importing Assets/Prefabs/Asset store/PolygonalMind/LowPolyOffice/Props/mesh_photo.fbx using Guid(5e7c9835ef504ec4b946488ea4724292) Importer(815301076,1909f56bfc062723c751e8b465ee728b)  -> (artifact id: 'bd486e37a6d44ad6ac39ece5852182e2') in 0.018937 seconds 
========================================================================
Received Import Request.
  Time since last request: 0.000024 seconds.
  path: Assets/Prefabs/Asset store/PolygonalMind/LowPolyOffice/Props/Mesh_Wall_Door.fbx
  artifactKey: Guid(48b546e2cb88f2c4e9a16cc087bed287) Importer(815301076,1909f56bfc062723c751e8b465ee728b)
Start importing Assets/Prefabs/Asset store/PolygonalMind/LowPolyOffice/Props/Mesh_Wall_Door.fbx using Guid(48b546e2cb88f2c4e9a16cc087bed287) Importer(815301076,1909f56bfc062723c751e8b465ee728b)  -> (artifact id: '0deff6cd8c9be849cc70ef91df29f4e0') in 0.015515 seconds 
========================================================================
Received Import Request.
  Time since last request: 0.000025 seconds.
  path: Assets/Prefabs/Asset store/PolygonalMind/LowPolyOffice/Props/mesh_laptop_01.fbx
  artifactKey: Guid(d01bed409228d1040b01436565a3dec3) Importer(815301076,1909f56bfc062723c751e8b465ee728b)
Start importing Assets/Prefabs/Asset store/PolygonalMind/LowPolyOffice/Props/mesh_laptop_01.fbx using Guid(d01bed409228d1040b01436565a3dec3) Importer(815301076,1909f56bfc062723c751e8b465ee728b)  -> (artifact id: '90316eb2737fd93aa23efb207224676b') in 0.015557 seconds 
========================================================================
Received Import Request.
  Time since last request: 807.644088 seconds.
  path: Assets/Prefabs/Asset store/PolygonalMind/LowPolyOffice/Characters/mesh_office_f_accountant01.fbx
  artifactKey: Guid(1d549942b3bfb7f43a1977dd6aa83a3d) Importer(815301076,1909f56bfc062723c751e8b465ee728b)
Start importing Assets/Prefabs/Asset store/PolygonalMind/LowPolyOffice/Characters/mesh_office_f_accountant01.fbx using Guid(1d549942b3bfb7f43a1977dd6aa83a3d) Importer(815301076,1909f56bfc062723c751e8b465ee728b)  -> (artifact id: '85c81e7c30797e39b77fad807e25c7e1') in 0.047556 seconds 
========================================================================
Received Import Request.
  Time since last request: 52.186384 seconds.
  path: Assets/Prefabs/Asset store/PolygonalMind/LowPolyOffice/Characters/mesh_office_f_black01.fbx
  artifactKey: Guid(d18df5b376f9b1c41ac18ad439491ff3) Importer(815301076,1909f56bfc062723c751e8b465ee728b)
Start importing Assets/Prefabs/Asset store/PolygonalMind/LowPolyOffice/Characters/mesh_office_f_black01.fbx using Guid(d18df5b376f9b1c41ac18ad439491ff3) Importer(815301076,1909f56bfc062723c751e8b465ee728b)  -> (artifact id: '29815a69e8e83cf69d4e5233bd8c148d') in 0.025505 seconds 
========================================================================
Received Import Request.
  Time since last request: 38.331647 seconds.
  path: Assets/Prefabs/Asset store/PolygonalMind/LowPolyOffice/Characters/Textures
  artifactKey: Guid(97f514be1e97bf240a51edfa9d7a6c96) Importer(815301076,1909f56bfc062723c751e8b465ee728b)
Start importing Assets/Prefabs/Asset store/PolygonalMind/LowPolyOffice/Characters/Textures using Guid(97f514be1e97bf240a51edfa9d7a6c96) Importer(815301076,1909f56bfc062723c751e8b465ee728b)  -> (artifact id: '00c93f794f632b9c03e03e7ec7b0b827') in 0.004524 seconds 
========================================================================
Received Import Request.
  Time since last request: 0.141816 seconds.
  path: Assets/Prefabs/Asset store/PolygonalMind/LowPolyOffice/Characters/Textures/texture_01.png
  artifactKey: Guid(577fcb3a5944ef040b25e05e792ae7f1) Importer(815301076,1909f56bfc062723c751e8b465ee728b)
Start importing Assets/Prefabs/Asset store/PolygonalMind/LowPolyOffice/Characters/Textures/texture_01.png using Guid(577fcb3a5944ef040b25e05e792ae7f1) Importer(815301076,1909f56bfc062723c751e8b465ee728b)  -> (artifact id: '86fccec1f5c80d7eebc9d795ef5d5944') in 0.024156 seconds 
========================================================================
Received Import Request.
  Time since last request: 1.811413 seconds.
  path: Assets/Prefabs/Asset store/PolygonalMind/LowPolyOffice/Characters/Materials
  artifactKey: Guid(3d00a245d80a41343b934e65b18f38a1) Importer(815301076,1909f56bfc062723c751e8b465ee728b)
Start importing Assets/Prefabs/Asset store/PolygonalMind/LowPolyOffice/Characters/Materials using Guid(3d00a245d80a41343b934e65b18f38a1) Importer(815301076,1909f56bfc062723c751e8b465ee728b)  -> (artifact id: '8efac3f08762944f2d5d0492f3a36b7f') in 0.004299 seconds 
========================================================================
Received Import Request.
  Time since last request: 0.068728 seconds.
  path: Assets/Prefabs/Asset store/PolygonalMind/LowPolyOffice/Characters/Materials/character.mat
  artifactKey: Guid(9d0b798dd313ffd4e9e58bb4a5313b00) Importer(815301076,1909f56bfc062723c751e8b465ee728b)
Start importing Assets/Prefabs/Asset store/PolygonalMind/LowPolyOffice/Characters/Materials/character.mat using Guid(9d0b798dd313ffd4e9e58bb4a5313b00) Importer(815301076,1909f56bfc062723c751e8b465ee728b)  -> (artifact id: '49bd9dc3a7c09c3198e770f655656915') in 0.024000 seconds 
========================================================================
Received Prepare
Registering precompiled user dll's ...
Registered in 0.004635 seconds.
Begin MonoManager ReloadAssembly
Symbol file LoadedFromMemory doesn't match image C:\Users\Matth\Documents\GitHub\ProgrammeringsEksamen-\Virtuel Shopping\Library\PackageCache\com.unity.visualscripting@1.7.5\Editor\VisualScripting.Core\Dependencies\YamlDotNet\Unity.VisualScripting.YamlDotNet.dll
Symbol file LoadedFromMemory doesn't match image C:\Users\Matth\Documents\GitHub\ProgrammeringsEksamen-\Virtuel Shopping\Library\PackageCache\com.unity.visualscripting@1.7.5\Editor\VisualScripting.Core\Dependencies\DotNetZip\Unity.VisualScripting.IonicZip.dll
Native extension for WindowsStandalone target not found
Native extension for WebGL target not found
Refreshing native plugins compatible for Editor in 0.55 ms, found 3 plugins.
Preloading 0 native plugins for Editor in 0.00 ms.
Mono: successfully reloaded assembly
- Completed reload, in  0.905 seconds
Domain Reload Profiling:
	ReloadAssembly (906ms)
		BeginReloadAssembly (125ms)
			ExecutionOrderSort (0ms)
			DisableScriptedObjects (4ms)
			BackupInstance (0ms)
			ReleaseScriptingObjects (0ms)
			CreateAndSetChildDomain (30ms)
		EndReloadAssembly (700ms)
			LoadAssemblies (65ms)
			RebuildTransferFunctionScriptingTraits (0ms)
			SetupTypeCache (228ms)
			ReleaseScriptCaches (1ms)
			RebuildScriptCaches (35ms)
			SetupLoadedEditorAssemblies (276ms)
				LogAssemblyErrors (0ms)
				InitializePlatformSupportModulesInManaged (12ms)
				SetLoadedEditorAssemblies (0ms)
				RefreshPlugins (1ms)
				BeforeProcessingInitializeOnLoad (59ms)
				ProcessInitializeOnLoadAttributes (178ms)
				ProcessInitializeOnLoadMethodAttributes (19ms)
				AfterProcessingInitializeOnLoad (8ms)
				EditorAssembliesLoaded (0ms)
			ExecutionOrderSort2 (0ms)
			AwakeInstancesAfterBackupRestoration (10ms)
Platform modules already initialized, skipping
Refreshing native plugins compatible for Editor in 1.16 ms, found 3 plugins.
Preloading 0 native plugins for Editor in 0.00 ms.
Unloading 3208 Unused Serialized files (Serialized files now loaded: 0)
Unloading 21 unused Assets / (78.9 KB). Loaded Objects now: 3733.
Memory consumption went from 135.3 MB to 135.2 MB.
Total: 3.435000 ms (FindLiveObjects: 0.320700 ms CreateObjectMapping: 0.292400 ms MarkObjects: 2.686200 ms  DeleteObjects: 0.134400 ms)

AssetImportParameters requested are different than current active one (requested -> active):
  custom:video-decoder-ogg-theora: a1e56fd34408186e4bbccfd4996cb3dc -> 
  custom:container-muxer-webm: aa71ff27fc2769a1b78a27578f13a17b -> 
  custom:container-demuxer-webm: 4f35f7cbe854078d1ac9338744f61a02 -> 
  custom:video-encoder-webm-vp8: eb34c28f22e8b96e1ab97ce403110664 -> 
  custom:audio-encoder-webm-vorbis: bf7c407c2cedff20999df2af8eb42d56 -> 
  custom:framework-win-MediaFoundation: 216162199b28c13a410421893ffa2e32 -> 
  custom:container-demuxer-ogg: 62fdf1f143b41e24485cea50d1cbac27 -> 
  custom:video-decoder-webm-vp8: 9c59270c3fd7afecdb556c50c9e8de78 -> 
  custom:audio-decoder-ogg-vorbis: bf7c407c2cedff20999df2af8eb42d56 -> 
