Using pre-set license
Built from '2021.2/staging' branch; Version is '2021.2.5f1 (4ec9a5e799f5) revision 5163429'; Using compiler version '192829333'; Build Type 'Release'
OS: 'Windows 10  (10.0.19044) 64bit Core' Language: 'da' Physical Memory: 32659 MB
BatchMode: 1, IsHumanControllingUs: 0, StartBugReporterOnCrash: 0, Is64bit: 1, IsPro: 0

COMMAND LINE ARGUMENTS:
C:\Program Files\Unity\Hub\Editor\2021.2.5f1\Editor\Unity.exe
-adb2
-batchMode
-noUpm
-name
AssetImportWorker3
-projectPath
C:/Users/Matth/Documents/GitHub/ProgrammeringsEksamen-/Virtuel Shopping
-logFile
Logs/AssetImportWorker3.log
-srvPort
50929
Successfully changed project path to: C:/Users/Matth/Documents/GitHub/ProgrammeringsEksamen-/Virtuel Shopping
C:/Users/Matth/Documents/GitHub/ProgrammeringsEksamen-/Virtuel Shopping
[UnityMemory] Configuration Parameters - Can be set up in boot.config
    "memorysetup-bucket-allocator-granularity=16"
    "memorysetup-bucket-allocator-bucket-count=8"
    "memorysetup-bucket-allocator-block-size=33554432"
    "memorysetup-bucket-allocator-block-count=8"
    "memorysetup-main-allocator-block-size=16777216"
    "memorysetup-thread-allocator-block-size=16777216"
    "memorysetup-gfx-main-allocator-block-size=16777216"
    "memorysetup-gfx-thread-allocator-block-size=16777216"
    "memorysetup-cache-allocator-block-size=4194304"
    "memorysetup-typetree-allocator-block-size=2097152"
    "memorysetup-profiler-bucket-allocator-granularity=16"
    "memorysetup-profiler-bucket-allocator-bucket-count=8"
    "memorysetup-profiler-bucket-allocator-block-size=33554432"
    "memorysetup-profiler-bucket-allocator-block-count=8"
    "memorysetup-profiler-allocator-block-size=16777216"
    "memorysetup-profiler-editor-allocator-block-size=1048576"
    "memorysetup-temp-allocator-size-main=16777216"
    "memorysetup-job-temp-allocator-block-size=2097152"
    "memorysetup-job-temp-allocator-block-size-background=1048576"
    "memorysetup-job-temp-allocator-reduction-small-platforms=262144"
    "memorysetup-temp-allocator-size-background-worker=32768"
    "memorysetup-temp-allocator-size-job-worker=262144"
    "memorysetup-temp-allocator-size-preload-manager=33554432"
    "memorysetup-temp-allocator-size-nav-mesh-worker=65536"
    "memorysetup-temp-allocator-size-audio-worker=65536"
    "memorysetup-temp-allocator-size-cloud-worker=32768"
    "memorysetup-temp-allocator-size-gi-baking-worker=262144"
    "memorysetup-temp-allocator-size-gfx=262144"
Refreshing native plugins compatible for Editor in 68.37 ms, found 3 plugins.
Preloading 0 native plugins for Editor in 0.00 ms.
Initialize engine version: 2021.2.5f1 (4ec9a5e799f5)
[Subsystems] Discovering subsystems at path C:/Program Files/Unity/Hub/Editor/2021.2.5f1/Editor/Data/Resources/UnitySubsystems
[Subsystems] Discovering subsystems at path C:/Users/Matth/Documents/GitHub/ProgrammeringsEksamen-/Virtuel Shopping/Assets
GfxDevice: creating device client; threaded=0; jobified=0
Direct3D:
    Version:  Direct3D 11.0 [level 11.1]
    Renderer: NVIDIA GeForce RTX 3070 (ID=0x2484)
    Vendor:   NVIDIA
    VRAM:     8043 MB
    Driver:   30.0.14.9729
Initialize mono
Mono path[0] = 'C:/Program Files/Unity/Hub/Editor/2021.2.5f1/Editor/Data/Managed'
Mono path[1] = 'C:/Program Files/Unity/Hub/Editor/2021.2.5f1/Editor/Data/MonoBleedingEdge/lib/mono/unityjit-win32'
Mono config path = 'C:/Program Files/Unity/Hub/Editor/2021.2.5f1/Editor/Data/MonoBleedingEdge/etc'
Using monoOptions --debugger-agent=transport=dt_socket,embedding=1,server=y,suspend=n,address=127.0.0.1:56228
Begin MonoManager ReloadAssembly
Registering precompiled unity dll's ...
Register platform support module: C:/Program Files/Unity/Hub/Editor/2021.2.5f1/Editor/Data/PlaybackEngines/WebGLSupport/UnityEditor.WebGL.Extensions.dll
Register platform support module: C:/Program Files/Unity/Hub/Editor/2021.2.5f1/Editor/Data/PlaybackEngines/WindowsStandaloneSupport/UnityEditor.WindowsStandalone.Extensions.dll
Registered in 0.007124 seconds.
Native extension for WindowsStandalone target not found
Native extension for WebGL target not found
Refreshing native plugins compatible for Editor in 65.90 ms, found 3 plugins.
Preloading 0 native plugins for Editor in 0.00 ms.
Mono: successfully reloaded assembly
- Completed reload, in  0.552 seconds
Domain Reload Profiling:
	ReloadAssembly (553ms)
		BeginReloadAssembly (63ms)
			ExecutionOrderSort (0ms)
			DisableScriptedObjects (0ms)
			BackupInstance (0ms)
			ReleaseScriptingObjects (0ms)
			CreateAndSetChildDomain (1ms)
		EndReloadAssembly (422ms)
			LoadAssemblies (61ms)
			RebuildTransferFunctionScriptingTraits (0ms)
			SetupTypeCache (109ms)
			ReleaseScriptCaches (0ms)
			RebuildScriptCaches (23ms)
			SetupLoadedEditorAssemblies (242ms)
				LogAssemblyErrors (0ms)
				InitializePlatformSupportModulesInManaged (14ms)
				SetLoadedEditorAssemblies (0ms)
				RefreshPlugins (66ms)
				BeforeProcessingInitializeOnLoad (1ms)
				ProcessInitializeOnLoadAttributes (121ms)
				ProcessInitializeOnLoadMethodAttributes (40ms)
				AfterProcessingInitializeOnLoad (0ms)
				EditorAssembliesLoaded (0ms)
			ExecutionOrderSort2 (0ms)
			AwakeInstancesAfterBackupRestoration (0ms)
Platform modules already initialized, skipping
Registering precompiled user dll's ...
Registered in 0.004881 seconds.
Begin MonoManager ReloadAssembly
Symbol file LoadedFromMemory doesn't match image C:\Users\Matth\Documents\GitHub\ProgrammeringsEksamen-\Virtuel Shopping\Library\PackageCache\com.unity.visualscripting@1.7.5\Editor\VisualScripting.Core\Dependencies\YamlDotNet\Unity.VisualScripting.YamlDotNet.dll
Symbol file LoadedFromMemory doesn't match image C:\Users\Matth\Documents\GitHub\ProgrammeringsEksamen-\Virtuel Shopping\Library\PackageCache\com.unity.visualscripting@1.7.5\Editor\VisualScripting.Core\Dependencies\DotNetZip\Unity.VisualScripting.IonicZip.dll
Native extension for WindowsStandalone target not found
Native extension for WebGL target not found
Refreshing native plugins compatible for Editor in 0.51 ms, found 3 plugins.
Preloading 0 native plugins for Editor in 0.00 ms.
Mono: successfully reloaded assembly
- Completed reload, in  0.998 seconds
Domain Reload Profiling:
	ReloadAssembly (999ms)
		BeginReloadAssembly (144ms)
			ExecutionOrderSort (0ms)
			DisableScriptedObjects (5ms)
			BackupInstance (0ms)
			ReleaseScriptingObjects (0ms)
			CreateAndSetChildDomain (17ms)
		EndReloadAssembly (775ms)
			LoadAssemblies (66ms)
			RebuildTransferFunctionScriptingTraits (0ms)
			SetupTypeCache (260ms)
			ReleaseScriptCaches (1ms)
			RebuildScriptCaches (43ms)
			SetupLoadedEditorAssemblies (321ms)
				LogAssemblyErrors (0ms)
				InitializePlatformSupportModulesInManaged (11ms)
				SetLoadedEditorAssemblies (0ms)
				RefreshPlugins (1ms)
				BeforeProcessingInitializeOnLoad (71ms)
				ProcessInitializeOnLoadAttributes (211ms)
				ProcessInitializeOnLoadMethodAttributes (19ms)
				AfterProcessingInitializeOnLoad (7ms)
				EditorAssembliesLoaded (0ms)
			ExecutionOrderSort2 (0ms)
			AwakeInstancesAfterBackupRestoration (5ms)
Platform modules already initialized, skipping
========================================================================
Worker process is ready to serve import requests
Launched and connected shader compiler UnityShaderCompiler.exe after 0.08 seconds
Refreshing native plugins compatible for Editor in 0.99 ms, found 3 plugins.
Preloading 0 native plugins for Editor in 0.00 ms.
Unloading 3212 Unused Serialized files (Serialized files now loaded: 0)
Unloading 26 unused Assets / (112.0 KB). Loaded Objects now: 3672.
Memory consumption went from 115.5 MB to 115.4 MB.
Total: 3.520500 ms (FindLiveObjects: 0.446500 ms CreateObjectMapping: 0.319100 ms MarkObjects: 2.642800 ms  DeleteObjects: 0.111100 ms)

AssetImportParameters requested are different than current active one (requested -> active):
  custom:video-decoder-ogg-theora: a1e56fd34408186e4bbccfd4996cb3dc -> 
  custom:container-muxer-webm: aa71ff27fc2769a1b78a27578f13a17b -> 
  custom:container-demuxer-webm: 4f35f7cbe854078d1ac9338744f61a02 -> 
  custom:video-encoder-webm-vp8: eb34c28f22e8b96e1ab97ce403110664 -> 
  custom:audio-encoder-webm-vorbis: bf7c407c2cedff20999df2af8eb42d56 -> 
  custom:framework-win-MediaFoundation: 216162199b28c13a410421893ffa2e32 -> 
  custom:container-demuxer-ogg: 62fdf1f143b41e24485cea50d1cbac27 -> 
  custom:video-decoder-webm-vp8: 9c59270c3fd7afecdb556c50c9e8de78 -> 
  custom:audio-decoder-ogg-vorbis: bf7c407c2cedff20999df2af8eb42d56 -> 
========================================================================
Received Import Request.
  Time since last request: 13198.825936 seconds.
  path: Assets/Prefabs/Asset store/HighDefinitionOfficeProps/Models/FlashdriveBlue.prefab
  artifactKey: Guid(8b27b999d1a66164e9c40c27421feb49) Importer(815301076,1909f56bfc062723c751e8b465ee728b)
Start importing Assets/Prefabs/Asset store/HighDefinitionOfficeProps/Models/FlashdriveBlue.prefab using Guid(8b27b999d1a66164e9c40c27421feb49) Importer(815301076,1909f56bfc062723c751e8b465ee728b)  -> (artifact id: '577e02bd366557c335bb5d7c829d9494') in 0.106538 seconds 
========================================================================
Received Import Request.
  Time since last request: 0.000020 seconds.
  path: Assets/Prefabs/Asset store/HighDefinitionOfficeProps/Models/PencilUnsharpened.fbx
  artifactKey: Guid(23cb0b4dc7225924784df53a861c5702) Importer(815301076,1909f56bfc062723c751e8b465ee728b)
Start importing Assets/Prefabs/Asset store/HighDefinitionOfficeProps/Models/PencilUnsharpened.fbx using Guid(23cb0b4dc7225924784df53a861c5702) Importer(815301076,1909f56bfc062723c751e8b465ee728b)  -> (artifact id: 'fa808c6549aa3b2523cf5bd620dc91a5') in 0.047168 seconds 
========================================================================
Received Import Request.
  Time since last request: 0.000023 seconds.
  path: Assets/Prefabs/Asset store/HighDefinitionOfficeProps/Models/Paperclip.fbx
  artifactKey: Guid(f6bd8ce23301f0b4f890d133ad63a2b2) Importer(815301076,1909f56bfc062723c751e8b465ee728b)
Start importing Assets/Prefabs/Asset store/HighDefinitionOfficeProps/Models/Paperclip.fbx using Guid(f6bd8ce23301f0b4f890d133ad63a2b2) Importer(815301076,1909f56bfc062723c751e8b465ee728b)  -> (artifact id: '32475ca518bd124aff982d53ad23731d') in 0.033751 seconds 
========================================================================
Received Import Request.
  Time since last request: 0.000021 seconds.
  path: Assets/Prefabs/Asset store/HighDefinitionOfficeProps/Models/SecurityCamera.fbx
  artifactKey: Guid(683d4925f79f4ba48b8ea7f516c156b7) Importer(815301076,1909f56bfc062723c751e8b465ee728b)
Start importing Assets/Prefabs/Asset store/HighDefinitionOfficeProps/Models/SecurityCamera.fbx using Guid(683d4925f79f4ba48b8ea7f516c156b7) Importer(815301076,1909f56bfc062723c751e8b465ee728b)  -> (artifact id: '4c79b3ba15fcd9248bbe203001d3b7c2') in 0.085543 seconds 
========================================================================
Received Import Request.
  Time since last request: 0.000017 seconds.
  path: Assets/Prefabs/Asset store/HighDefinitionOfficeProps/Models/Mouse.fbx
  artifactKey: Guid(fec45bbbe753faa4aa1ac7ab276d5b48) Importer(815301076,1909f56bfc062723c751e8b465ee728b)
Start importing Assets/Prefabs/Asset store/HighDefinitionOfficeProps/Models/Mouse.fbx using Guid(fec45bbbe753faa4aa1ac7ab276d5b48) Importer(815301076,1909f56bfc062723c751e8b465ee728b)  -> (artifact id: 'e23cfd77a52c8ea6a88ccfe665e8e3eb') in 0.045315 seconds 
========================================================================
Received Import Request.
  Time since last request: 0.000017 seconds.
  path: Assets/Prefabs/Asset store/HighDefinitionOfficeProps/Models/FolderClosed.fbx
  artifactKey: Guid(261ee783f17e5f641bf1edfc743aab7e) Importer(815301076,1909f56bfc062723c751e8b465ee728b)
Start importing Assets/Prefabs/Asset store/HighDefinitionOfficeProps/Models/FolderClosed.fbx using Guid(261ee783f17e5f641bf1edfc743aab7e) Importer(815301076,1909f56bfc062723c751e8b465ee728b)  -> (artifact id: '3056ad17679ff32716e1c637c829326f') in 0.032630 seconds 
========================================================================
Received Import Request.
  Time since last request: 0.000015 seconds.
  path: Assets/Prefabs/Asset store/HighDefinitionOfficeProps/Models/Lightbulb1.fbx
  artifactKey: Guid(0897e1e51d9dedf479a40e7a84b8eec3) Importer(815301076,1909f56bfc062723c751e8b465ee728b)
Start importing Assets/Prefabs/Asset store/HighDefinitionOfficeProps/Models/Lightbulb1.fbx using Guid(0897e1e51d9dedf479a40e7a84b8eec3) Importer(815301076,1909f56bfc062723c751e8b465ee728b)  -> (artifact id: '659578cddcab186de14946abac274005') in 0.205484 seconds 
========================================================================
Received Import Request.
  Time since last request: 9.336876 seconds.
  path: Assets/Prefabs/Asset store/FROOD/Prefabs/Cookie.prefab
  artifactKey: Guid(e16eb6f35029aab47b357d77e2c314b4) Importer(815301076,1909f56bfc062723c751e8b465ee728b)
Start importing Assets/Prefabs/Asset store/FROOD/Prefabs/Cookie.prefab using Guid(e16eb6f35029aab47b357d77e2c314b4) Importer(815301076,1909f56bfc062723c751e8b465ee728b)  -> (artifact id: '4b3f3246bf16714c3e425accfcaaffbc') in 0.013647 seconds 
========================================================================
Received Import Request.
  Time since last request: 0.000024 seconds.
  path: Assets/Prefabs/Asset store/FROOD/Prefabs/Steack.prefab
  artifactKey: Guid(ee809e62ba03e6149983b5b32476ac60) Importer(815301076,1909f56bfc062723c751e8b465ee728b)
Start importing Assets/Prefabs/Asset store/FROOD/Prefabs/Steack.prefab using Guid(ee809e62ba03e6149983b5b32476ac60) Importer(815301076,1909f56bfc062723c751e8b465ee728b)  -> (artifact id: 'e59e355f1dd00c3ba96abdc5866b0171') in 0.018237 seconds 
========================================================================
Received Import Request.
  Time since last request: 51.607659 seconds.
  path: Assets/Prefabs/Asset store/PolygonalMind/LowPolyOffice/Characters/mesh_office_f_chara01.fbx
  artifactKey: Guid(0a9d829b6431f35448b98cdf4aa9fda9) Importer(815301076,1909f56bfc062723c751e8b465ee728b)
Start importing Assets/Prefabs/Asset store/PolygonalMind/LowPolyOffice/Characters/mesh_office_f_chara01.fbx using Guid(0a9d829b6431f35448b98cdf4aa9fda9) Importer(815301076,1909f56bfc062723c751e8b465ee728b)  -> (artifact id: '3c99c2a747ea740c87210d9c0ba9e262') in 0.053093 seconds 
========================================================================
Received Import Request.
  Time since last request: 0.000021 seconds.
  path: Assets/Prefabs/Asset store/PolygonalMind/LowPolyOffice/Characters/mesh_office_f_intern01.fbx
  artifactKey: Guid(21a77591a0daf724ab231dca92a3fd89) Importer(815301076,1909f56bfc062723c751e8b465ee728b)
Start importing Assets/Prefabs/Asset store/PolygonalMind/LowPolyOffice/Characters/mesh_office_f_intern01.fbx using Guid(21a77591a0daf724ab231dca92a3fd89) Importer(815301076,1909f56bfc062723c751e8b465ee728b)  -> (artifact id: '7dddd32ca4b4d5669ec44a50b6b98def') in 0.028102 seconds 
========================================================================
Received Import Request.
  Time since last request: 0.000022 seconds.
  path: Assets/Prefabs/Asset store/PolygonalMind/LowPolyOffice/Characters/mesh_office_m_chara01.fbx
  artifactKey: Guid(08a461955fe2451479862746f7aaf670) Importer(815301076,1909f56bfc062723c751e8b465ee728b)
Start importing Assets/Prefabs/Asset store/PolygonalMind/LowPolyOffice/Characters/mesh_office_m_chara01.fbx using Guid(08a461955fe2451479862746f7aaf670) Importer(815301076,1909f56bfc062723c751e8b465ee728b)  -> (artifact id: 'debcfc42275dbc2a2a1d06fb32ec6a29') in 0.023031 seconds 
========================================================================
Received Import Request.
  Time since last request: 0.000030 seconds.
  path: Assets/Prefabs/Asset store/PolygonalMind/LowPolyOffice/Characters/mesh_office_m_rival01.fbx
  artifactKey: Guid(2c6fcb3004ba0e344908982afcefad9c) Importer(815301076,1909f56bfc062723c751e8b465ee728b)
Start importing Assets/Prefabs/Asset store/PolygonalMind/LowPolyOffice/Characters/mesh_office_m_rival01.fbx using Guid(2c6fcb3004ba0e344908982afcefad9c) Importer(815301076,1909f56bfc062723c751e8b465ee728b)  -> (artifact id: 'ff3b859fae79ca33c0705ecd440febee') in 0.025047 seconds 
========================================================================
Received Import Request.
  Time since last request: 0.000017 seconds.
  path: Assets/Prefabs/Asset store/PolygonalMind/LowPolyOffice/Characters/mesh_office_m_hipster01.fbx
  artifactKey: Guid(ec65e91f0d37ac74a89bcd7fa3354177) Importer(815301076,1909f56bfc062723c751e8b465ee728b)
Start importing Assets/Prefabs/Asset store/PolygonalMind/LowPolyOffice/Characters/mesh_office_m_hipster01.fbx using Guid(ec65e91f0d37ac74a89bcd7fa3354177) Importer(815301076,1909f56bfc062723c751e8b465ee728b)  -> (artifact id: 'd4ceb309d5bb82ff290e5a63ba530620') in 0.027548 seconds 
========================================================================
Received Import Request.
  Time since last request: 0.000037 seconds.
  path: Assets/Prefabs/Asset store/PolygonalMind/LowPolyOffice/Characters/mesh_office_m_slacker01.fbx
  artifactKey: Guid(dc523cb225f130945948050f34f17565) Importer(815301076,1909f56bfc062723c751e8b465ee728b)
Start importing Assets/Prefabs/Asset store/PolygonalMind/LowPolyOffice/Characters/mesh_office_m_slacker01.fbx using Guid(dc523cb225f130945948050f34f17565) Importer(815301076,1909f56bfc062723c751e8b465ee728b)  -> (artifact id: 'fb366089241a5f3c5175942b39b4b0da') in 0.024751 seconds 
========================================================================
Received Import Request.
  Time since last request: 1.652089 seconds.
  path: Assets/Prefabs/Asset store/PolygonalMind/LowPolyOffice/Props/mesh_caution_wetfloor.fbx
  artifactKey: Guid(8fe609c4911afa54392239563cb7a49a) Importer(815301076,1909f56bfc062723c751e8b465ee728b)
Start importing Assets/Prefabs/Asset store/PolygonalMind/LowPolyOffice/Props/mesh_caution_wetfloor.fbx using Guid(8fe609c4911afa54392239563cb7a49a) Importer(815301076,1909f56bfc062723c751e8b465ee728b)  -> (artifact id: '0db856f03b304e4a02e839265e853f9c') in 0.019077 seconds 
========================================================================
Received Import Request.
  Time since last request: 0.000015 seconds.
  path: Assets/Prefabs/Asset store/PolygonalMind/LowPolyOffice/Props/mesh_waterCooler.fbx
  artifactKey: Guid(5f5c6baac71fa0a4bb9dd9d91c1b2c53) Importer(815301076,1909f56bfc062723c751e8b465ee728b)
Start importing Assets/Prefabs/Asset store/PolygonalMind/LowPolyOffice/Props/mesh_waterCooler.fbx using Guid(5f5c6baac71fa0a4bb9dd9d91c1b2c53) Importer(815301076,1909f56bfc062723c751e8b465ee728b)  -> (artifact id: '712a876d5503eeb3d65734add0a3e713') in 0.016382 seconds 
========================================================================
Received Import Request.
  Time since last request: 0.000022 seconds.
  path: Assets/Prefabs/Asset store/PolygonalMind/LowPolyOffice/Props/mesh_tv_01.fbx
  artifactKey: Guid(98b918f337566884ca93f0222c5e24bd) Importer(815301076,1909f56bfc062723c751e8b465ee728b)
Start importing Assets/Prefabs/Asset store/PolygonalMind/LowPolyOffice/Props/mesh_tv_01.fbx using Guid(98b918f337566884ca93f0222c5e24bd) Importer(815301076,1909f56bfc062723c751e8b465ee728b)  -> (artifact id: '96781f9b892ef41ec09fe4d174408eb6') in 0.016206 seconds 
========================================================================
Received Import Request.
  Time since last request: 0.000018 seconds.
  path: Assets/Prefabs/Asset store/PolygonalMind/LowPolyOffice/Props/Mesh_Wall_T.fbx
  artifactKey: Guid(75c63ae4d0c94504b8bbdc24c0e1883e) Importer(815301076,1909f56bfc062723c751e8b465ee728b)
Start importing Assets/Prefabs/Asset store/PolygonalMind/LowPolyOffice/Props/Mesh_Wall_T.fbx using Guid(75c63ae4d0c94504b8bbdc24c0e1883e) Importer(815301076,1909f56bfc062723c751e8b465ee728b)  -> (artifact id: '4a4d0515004bc43654c738e26b1e5b9b') in 0.016275 seconds 
========================================================================
Received Import Request.
  Time since last request: 0.000037 seconds.
  path: Assets/Prefabs/Asset store/PolygonalMind/LowPolyOffice/Props/mesh_plant_a_01.fbx
  artifactKey: Guid(6ce5771815230b44385950608b58d253) Importer(815301076,1909f56bfc062723c751e8b465ee728b)
Start importing Assets/Prefabs/Asset store/PolygonalMind/LowPolyOffice/Props/mesh_plant_a_01.fbx using Guid(6ce5771815230b44385950608b58d253) Importer(815301076,1909f56bfc062723c751e8b465ee728b)  -> (artifact id: '5ea0147d851af41b8d59ef82404c4c80') in 0.020242 seconds 
========================================================================
Received Import Request.
  Time since last request: 0.000026 seconds.
  path: Assets/Prefabs/Asset store/PolygonalMind/LowPolyOffice/Props/mesh_PC_01.fbx
  artifactKey: Guid(49ddef57dd87da2489028c9f6666f2fc) Importer(815301076,1909f56bfc062723c751e8b465ee728b)
Start importing Assets/Prefabs/Asset store/PolygonalMind/LowPolyOffice/Props/mesh_PC_01.fbx using Guid(49ddef57dd87da2489028c9f6666f2fc) Importer(815301076,1909f56bfc062723c751e8b465ee728b)  -> (artifact id: '8abc52669e16740869a90b4f3f5ca4eb') in 0.020273 seconds 
========================================================================
Received Import Request.
  Time since last request: 0.000046 seconds.
  path: Assets/Prefabs/Asset store/PolygonalMind/LowPolyOffice/Props/mesh_table_b_01.fbx
  artifactKey: Guid(6d2bdd4720a7ac44687edae6f95a1258) Importer(815301076,1909f56bfc062723c751e8b465ee728b)
Start importing Assets/Prefabs/Asset store/PolygonalMind/LowPolyOffice/Props/mesh_table_b_01.fbx using Guid(6d2bdd4720a7ac44687edae6f95a1258) Importer(815301076,1909f56bfc062723c751e8b465ee728b)  -> (artifact id: '40df4a62afb8b67a995715353c7c81cf') in 0.019893 seconds 
========================================================================
Received Import Request.
  Time since last request: 0.000027 seconds.
  path: Assets/Prefabs/Asset store/PolygonalMind/LowPolyOffice/Props/mesh_figurine.fbx
  artifactKey: Guid(824950d6f1030c34684c4cf547b26119) Importer(815301076,1909f56bfc062723c751e8b465ee728b)
Start importing Assets/Prefabs/Asset store/PolygonalMind/LowPolyOffice/Props/mesh_figurine.fbx using Guid(824950d6f1030c34684c4cf547b26119) Importer(815301076,1909f56bfc062723c751e8b465ee728b)  -> (artifact id: 'a16aa873f07a2f2b3d18284031089684') in 0.017729 seconds 
========================================================================
Received Import Request.
  Time since last request: 0.000035 seconds.
  path: Assets/Prefabs/Asset store/PolygonalMind/LowPolyOffice/Props/mesh_cleaning_vroom.fbx
  artifactKey: Guid(d47e9697a1edf004980516e303f52155) Importer(815301076,1909f56bfc062723c751e8b465ee728b)
Start importing Assets/Prefabs/Asset store/PolygonalMind/LowPolyOffice/Props/mesh_cleaning_vroom.fbx using Guid(d47e9697a1edf004980516e303f52155) Importer(815301076,1909f56bfc062723c751e8b465ee728b)  -> (artifact id: '1bea177ecf43b762348b1e3a940f8509') in 0.019088 seconds 
========================================================================
Received Import Request.
  Time since last request: 0.000026 seconds.
  path: Assets/Prefabs/Asset store/PolygonalMind/LowPolyOffice/Props/mesh_sofa.fbx
  artifactKey: Guid(ad168f78fcb2d214c978f0f537eba8ca) Importer(815301076,1909f56bfc062723c751e8b465ee728b)
Start importing Assets/Prefabs/Asset store/PolygonalMind/LowPolyOffice/Props/mesh_sofa.fbx using Guid(ad168f78fcb2d214c978f0f537eba8ca) Importer(815301076,1909f56bfc062723c751e8b465ee728b)  -> (artifact id: '3591b54607808765f3e7c06c432f7a3a') in 0.042953 seconds 
========================================================================
Received Import Request.
  Time since last request: 0.000022 seconds.
  path: Assets/Prefabs/Asset store/PolygonalMind/LowPolyOffice/Props/mesh_cleaning_sprayBottle.fbx
  artifactKey: Guid(7e74345b0f910414ab6013d907c57264) Importer(815301076,1909f56bfc062723c751e8b465ee728b)
Start importing Assets/Prefabs/Asset store/PolygonalMind/LowPolyOffice/Props/mesh_cleaning_sprayBottle.fbx using Guid(7e74345b0f910414ab6013d907c57264) Importer(815301076,1909f56bfc062723c751e8b465ee728b)  -> (artifact id: 'c06a780397049c42ef59cc969a6d62c1') in 0.018119 seconds 
========================================================================
Received Import Request.
  Time since last request: 0.000029 seconds.
  path: Assets/Prefabs/Asset store/PolygonalMind/LowPolyOffice/Props/mesh_mug.fbx
  artifactKey: Guid(191dcd3db83f64342943a4b8dd6c6157) Importer(815301076,1909f56bfc062723c751e8b465ee728b)
Start importing Assets/Prefabs/Asset store/PolygonalMind/LowPolyOffice/Props/mesh_mug.fbx using Guid(191dcd3db83f64342943a4b8dd6c6157) Importer(815301076,1909f56bfc062723c751e8b465ee728b)  -> (artifact id: '492acbbf69b11bf1c0adc0734a4d7835') in 0.017677 seconds 
========================================================================
Received Import Request.
  Time since last request: 0.000024 seconds.
  path: Assets/Prefabs/Asset store/PolygonalMind/LowPolyOffice/Props/mesh_l_table.fbx
  artifactKey: Guid(1ecf1a56521a0df459d3e2497fc5a210) Importer(815301076,1909f56bfc062723c751e8b465ee728b)
Start importing Assets/Prefabs/Asset store/PolygonalMind/LowPolyOffice/Props/mesh_l_table.fbx using Guid(1ecf1a56521a0df459d3e2497fc5a210) Importer(815301076,1909f56bfc062723c751e8b465ee728b)  -> (artifact id: '02672188ba462ad723e6ee73a400ec0f') in 0.019267 seconds 
Editor requested this worker to shutdown with reason: Scaling down because of idle timeout
AssetImportWorker is now disconnected from the server
Process exiting
Exiting without the bug reporter. Application will terminate with return code 0