Using pre-set license
Built from '2021.2/staging' branch; Version is '2021.2.5f1 (4ec9a5e799f5) revision 5163429'; Using compiler version '192829333'; Build Type 'Release'
OS: 'Windows 10  (10.0.19044) 64bit Core' Language: 'da' Physical Memory: 32659 MB
BatchMode: 1, IsHumanControllingUs: 0, StartBugReporterOnCrash: 0, Is64bit: 1, IsPro: 0

COMMAND LINE ARGUMENTS:
C:\Program Files\Unity\Hub\Editor\2021.2.5f1\Editor\Unity.exe
-adb2
-batchMode
-noUpm
-name
AssetImportWorker2
-projectPath
C:/Users/Matth/Documents/GitHub/ProgrammeringsEksamen-/Virtuel Shopping
-logFile
Logs/AssetImportWorker2.log
-srvPort
50929
Successfully changed project path to: C:/Users/Matth/Documents/GitHub/ProgrammeringsEksamen-/Virtuel Shopping
C:/Users/Matth/Documents/GitHub/ProgrammeringsEksamen-/Virtuel Shopping
[UnityMemory] Configuration Parameters - Can be set up in boot.config
    "memorysetup-bucket-allocator-granularity=16"
    "memorysetup-bucket-allocator-bucket-count=8"
    "memorysetup-bucket-allocator-block-size=33554432"
    "memorysetup-bucket-allocator-block-count=8"
    "memorysetup-main-allocator-block-size=16777216"
    "memorysetup-thread-allocator-block-size=16777216"
    "memorysetup-gfx-main-allocator-block-size=16777216"
    "memorysetup-gfx-thread-allocator-block-size=16777216"
    "memorysetup-cache-allocator-block-size=4194304"
    "memorysetup-typetree-allocator-block-size=2097152"
    "memorysetup-profiler-bucket-allocator-granularity=16"
    "memorysetup-profiler-bucket-allocator-bucket-count=8"
    "memorysetup-profiler-bucket-allocator-block-size=33554432"
    "memorysetup-profiler-bucket-allocator-block-count=8"
    "memorysetup-profiler-allocator-block-size=16777216"
    "memorysetup-profiler-editor-allocator-block-size=1048576"
    "memorysetup-temp-allocator-size-main=16777216"
    "memorysetup-job-temp-allocator-block-size=2097152"
    "memorysetup-job-temp-allocator-block-size-background=1048576"
    "memorysetup-job-temp-allocator-reduction-small-platforms=262144"
    "memorysetup-temp-allocator-size-background-worker=32768"
    "memorysetup-temp-allocator-size-job-worker=262144"
    "memorysetup-temp-allocator-size-preload-manager=33554432"
    "memorysetup-temp-allocator-size-nav-mesh-worker=65536"
    "memorysetup-temp-allocator-size-audio-worker=65536"
    "memorysetup-temp-allocator-size-cloud-worker=32768"
    "memorysetup-temp-allocator-size-gi-baking-worker=262144"
    "memorysetup-temp-allocator-size-gfx=262144"
Refreshing native plugins compatible for Editor in 66.20 ms, found 3 plugins.
Preloading 0 native plugins for Editor in 0.00 ms.
Initialize engine version: 2021.2.5f1 (4ec9a5e799f5)
[Subsystems] Discovering subsystems at path C:/Program Files/Unity/Hub/Editor/2021.2.5f1/Editor/Data/Resources/UnitySubsystems
[Subsystems] Discovering subsystems at path C:/Users/Matth/Documents/GitHub/ProgrammeringsEksamen-/Virtuel Shopping/Assets
GfxDevice: creating device client; threaded=0; jobified=0
Direct3D:
    Version:  Direct3D 11.0 [level 11.1]
    Renderer: NVIDIA GeForce RTX 3070 (ID=0x2484)
    Vendor:   NVIDIA
    VRAM:     8043 MB
    Driver:   30.0.14.9729
Initialize mono
Mono path[0] = 'C:/Program Files/Unity/Hub/Editor/2021.2.5f1/Editor/Data/Managed'
Mono path[1] = 'C:/Program Files/Unity/Hub/Editor/2021.2.5f1/Editor/Data/MonoBleedingEdge/lib/mono/unityjit-win32'
Mono config path = 'C:/Program Files/Unity/Hub/Editor/2021.2.5f1/Editor/Data/MonoBleedingEdge/etc'
Using monoOptions --debugger-agent=transport=dt_socket,embedding=1,server=y,suspend=n,address=127.0.0.1:56364
Begin MonoManager ReloadAssembly
Registering precompiled unity dll's ...
Register platform support module: C:/Program Files/Unity/Hub/Editor/2021.2.5f1/Editor/Data/PlaybackEngines/WebGLSupport/UnityEditor.WebGL.Extensions.dll
Register platform support module: C:/Program Files/Unity/Hub/Editor/2021.2.5f1/Editor/Data/PlaybackEngines/WindowsStandaloneSupport/UnityEditor.WindowsStandalone.Extensions.dll
Registered in 0.007959 seconds.
Native extension for WindowsStandalone target not found
Native extension for WebGL target not found
Refreshing native plugins compatible for Editor in 64.96 ms, found 3 plugins.
Preloading 0 native plugins for Editor in 0.00 ms.
Mono: successfully reloaded assembly
- Completed reload, in  0.555 seconds
Domain Reload Profiling:
	ReloadAssembly (555ms)
		BeginReloadAssembly (63ms)
			ExecutionOrderSort (0ms)
			DisableScriptedObjects (0ms)
			BackupInstance (0ms)
			ReleaseScriptingObjects (0ms)
			CreateAndSetChildDomain (1ms)
		EndReloadAssembly (418ms)
			LoadAssemblies (61ms)
			RebuildTransferFunctionScriptingTraits (0ms)
			SetupTypeCache (109ms)
			ReleaseScriptCaches (0ms)
			RebuildScriptCaches (23ms)
			SetupLoadedEditorAssemblies (240ms)
				LogAssemblyErrors (0ms)
				InitializePlatformSupportModulesInManaged (14ms)
				SetLoadedEditorAssemblies (0ms)
				RefreshPlugins (65ms)
				BeforeProcessingInitializeOnLoad (1ms)
				ProcessInitializeOnLoadAttributes (118ms)
				ProcessInitializeOnLoadMethodAttributes (43ms)
				AfterProcessingInitializeOnLoad (0ms)
				EditorAssembliesLoaded (0ms)
			ExecutionOrderSort2 (0ms)
			AwakeInstancesAfterBackupRestoration (0ms)
Platform modules already initialized, skipping
Registering precompiled user dll's ...
Registered in 0.004727 seconds.
Begin MonoManager ReloadAssembly
Symbol file LoadedFromMemory doesn't match image C:\Users\Matth\Documents\GitHub\ProgrammeringsEksamen-\Virtuel Shopping\Library\PackageCache\com.unity.visualscripting@1.7.5\Editor\VisualScripting.Core\Dependencies\YamlDotNet\Unity.VisualScripting.YamlDotNet.dll
Symbol file LoadedFromMemory doesn't match image C:\Users\Matth\Documents\GitHub\ProgrammeringsEksamen-\Virtuel Shopping\Library\PackageCache\com.unity.visualscripting@1.7.5\Editor\VisualScripting.Core\Dependencies\DotNetZip\Unity.VisualScripting.IonicZip.dll
Native extension for WindowsStandalone target not found
Native extension for WebGL target not found
Refreshing native plugins compatible for Editor in 0.49 ms, found 3 plugins.
Preloading 0 native plugins for Editor in 0.00 ms.
Mono: successfully reloaded assembly
- Completed reload, in  0.990 seconds
Domain Reload Profiling:
	ReloadAssembly (990ms)
		BeginReloadAssembly (145ms)
			ExecutionOrderSort (0ms)
			DisableScriptedObjects (5ms)
			BackupInstance (0ms)
			ReleaseScriptingObjects (0ms)
			CreateAndSetChildDomain (17ms)
		EndReloadAssembly (764ms)
			LoadAssemblies (68ms)
			RebuildTransferFunctionScriptingTraits (0ms)
			SetupTypeCache (252ms)
			ReleaseScriptCaches (1ms)
			RebuildScriptCaches (44ms)
			SetupLoadedEditorAssemblies (316ms)
				LogAssemblyErrors (0ms)
				InitializePlatformSupportModulesInManaged (11ms)
				SetLoadedEditorAssemblies (0ms)
				RefreshPlugins (1ms)
				BeforeProcessingInitializeOnLoad (73ms)
				ProcessInitializeOnLoadAttributes (203ms)
				ProcessInitializeOnLoadMethodAttributes (20ms)
				AfterProcessingInitializeOnLoad (7ms)
				EditorAssembliesLoaded (0ms)
			ExecutionOrderSort2 (0ms)
			AwakeInstancesAfterBackupRestoration (4ms)
Platform modules already initialized, skipping
========================================================================
Worker process is ready to serve import requests
Launched and connected shader compiler UnityShaderCompiler.exe after 0.08 seconds
Refreshing native plugins compatible for Editor in 0.93 ms, found 3 plugins.
Preloading 0 native plugins for Editor in 0.00 ms.
Unloading 3212 Unused Serialized files (Serialized files now loaded: 0)
Unloading 26 unused Assets / (112.0 KB). Loaded Objects now: 3672.
Memory consumption went from 115.5 MB to 115.4 MB.
Total: 4.236000 ms (FindLiveObjects: 0.381500 ms CreateObjectMapping: 0.284800 ms MarkObjects: 3.422200 ms  DeleteObjects: 0.146200 ms)

AssetImportParameters requested are different than current active one (requested -> active):
  custom:video-decoder-ogg-theora: a1e56fd34408186e4bbccfd4996cb3dc -> 
  custom:container-muxer-webm: aa71ff27fc2769a1b78a27578f13a17b -> 
  custom:container-demuxer-webm: 4f35f7cbe854078d1ac9338744f61a02 -> 
  custom:video-encoder-webm-vp8: eb34c28f22e8b96e1ab97ce403110664 -> 
  custom:audio-encoder-webm-vorbis: bf7c407c2cedff20999df2af8eb42d56 -> 
  custom:framework-win-MediaFoundation: 216162199b28c13a410421893ffa2e32 -> 
  custom:container-demuxer-ogg: 62fdf1f143b41e24485cea50d1cbac27 -> 
  custom:video-decoder-webm-vp8: 9c59270c3fd7afecdb556c50c9e8de78 -> 
  custom:audio-decoder-ogg-vorbis: bf7c407c2cedff20999df2af8eb42d56 -> 
========================================================================
Received Import Request.
  Time since last request: 13198.825429 seconds.
  path: Assets/Prefabs/Asset store/HighDefinitionOfficeProps/Models/ExitSignGreen.prefab
  artifactKey: Guid(f01dcf392496d3645a604908a9e1c9c6) Importer(815301076,1909f56bfc062723c751e8b465ee728b)
Start importing Assets/Prefabs/Asset store/HighDefinitionOfficeProps/Models/ExitSignGreen.prefab using Guid(f01dcf392496d3645a604908a9e1c9c6) Importer(815301076,1909f56bfc062723c751e8b465ee728b)  -> (artifact id: 'f7a121ef54e3a155e6e34037955af2b6') in 0.503569 seconds 
========================================================================
Received Import Request.
  Time since last request: 0.000023 seconds.
  path: Assets/Prefabs/Asset store/HighDefinitionOfficeProps/Models/TapeDispenser.fbx
  artifactKey: Guid(0afecd49e63cc5544b1b20c961472d07) Importer(815301076,1909f56bfc062723c751e8b465ee728b)
Start importing Assets/Prefabs/Asset store/HighDefinitionOfficeProps/Models/TapeDispenser.fbx using Guid(0afecd49e63cc5544b1b20c961472d07) Importer(815301076,1909f56bfc062723c751e8b465ee728b)  -> (artifact id: '05707ff77c3345622c3c27c21e856033') in 0.077019 seconds 
========================================================================
Received Import Request.
  Time since last request: 9.335887 seconds.
  path: Assets/Prefabs/Asset store/FROOD/Prefabs/BigBottle.prefab
  artifactKey: Guid(6707883ede3858046ac6758f2c79c928) Importer(815301076,1909f56bfc062723c751e8b465ee728b)
Start importing Assets/Prefabs/Asset store/FROOD/Prefabs/BigBottle.prefab using Guid(6707883ede3858046ac6758f2c79c928) Importer(815301076,1909f56bfc062723c751e8b465ee728b)  -> (artifact id: '23f8f95c39f98d7b8903d038bfece85c') in 0.013091 seconds 
========================================================================
Received Import Request.
  Time since last request: 0.000019 seconds.
  path: Assets/Prefabs/Asset store/FROOD/Prefabs/Ham.prefab
  artifactKey: Guid(6fb94a8d08d31014db8df82c2547ae97) Importer(815301076,1909f56bfc062723c751e8b465ee728b)
Start importing Assets/Prefabs/Asset store/FROOD/Prefabs/Ham.prefab using Guid(6fb94a8d08d31014db8df82c2547ae97) Importer(815301076,1909f56bfc062723c751e8b465ee728b)  -> (artifact id: '223877bf482a92ff853e229c5319a6c7') in 0.038565 seconds 
========================================================================
Received Import Request.
  Time since last request: 51.588398 seconds.
  path: Assets/Prefabs/Asset store/PolygonalMind/LowPolyOffice/Characters/mesh_office_f_annoying01.fbx
  artifactKey: Guid(438ef91a5f9e61c45941464eebc462dd) Importer(815301076,1909f56bfc062723c751e8b465ee728b)
Start importing Assets/Prefabs/Asset store/PolygonalMind/LowPolyOffice/Characters/mesh_office_f_annoying01.fbx using Guid(438ef91a5f9e61c45941464eebc462dd) Importer(815301076,1909f56bfc062723c751e8b465ee728b)  -> (artifact id: '2217d04c79b169ba9a3a5326fde086e9') in 0.053852 seconds 
========================================================================
Received Import Request.
  Time since last request: 0.000029 seconds.
  path: Assets/Prefabs/Asset store/PolygonalMind/LowPolyOffice/Characters/mesh_office_m_secretary01.fbx
  artifactKey: Guid(03271f9a6853cca4ead5bd485cbc88d6) Importer(815301076,1909f56bfc062723c751e8b465ee728b)
Start importing Assets/Prefabs/Asset store/PolygonalMind/LowPolyOffice/Characters/mesh_office_m_secretary01.fbx using Guid(03271f9a6853cca4ead5bd485cbc88d6) Importer(815301076,1909f56bfc062723c751e8b465ee728b)  -> (artifact id: 'c5cce4ccd0e054f36c8685aca86718fb') in 0.027996 seconds 
========================================================================
Received Import Request.
  Time since last request: 0.000017 seconds.
  path: Assets/Prefabs/Asset store/PolygonalMind/LowPolyOffice/Characters/mesh_office_f_recepcionist01.fbx
  artifactKey: Guid(0f623bf014001584995ab5372e19323d) Importer(815301076,1909f56bfc062723c751e8b465ee728b)
Start importing Assets/Prefabs/Asset store/PolygonalMind/LowPolyOffice/Characters/mesh_office_f_recepcionist01.fbx using Guid(0f623bf014001584995ab5372e19323d) Importer(815301076,1909f56bfc062723c751e8b465ee728b)  -> (artifact id: '237d954d12df4b164fdf6fcf67a04add') in 0.023654 seconds 
========================================================================
Received Import Request.
  Time since last request: 0.000020 seconds.
  path: Assets/Prefabs/Asset store/PolygonalMind/LowPolyOffice/Characters/mesh_office_f_slacker01.fbx
  artifactKey: Guid(4d8055b6d6938c34c8737df771fae55c) Importer(815301076,1909f56bfc062723c751e8b465ee728b)
Start importing Assets/Prefabs/Asset store/PolygonalMind/LowPolyOffice/Characters/mesh_office_f_slacker01.fbx using Guid(4d8055b6d6938c34c8737df771fae55c) Importer(815301076,1909f56bfc062723c751e8b465ee728b)  -> (artifact id: '74f9408d2e6d95abd502caf82c4ca76c') in 0.023667 seconds 
========================================================================
Received Import Request.
  Time since last request: 0.000017 seconds.
  path: Assets/Prefabs/Asset store/PolygonalMind/LowPolyOffice/Characters/mesh_office_m_marketing01.fbx
  artifactKey: Guid(b538e4dd12efa8a40ab7dd3a66d39dc7) Importer(815301076,1909f56bfc062723c751e8b465ee728b)
Start importing Assets/Prefabs/Asset store/PolygonalMind/LowPolyOffice/Characters/mesh_office_m_marketing01.fbx using Guid(b538e4dd12efa8a40ab7dd3a66d39dc7) Importer(815301076,1909f56bfc062723c751e8b465ee728b)  -> (artifact id: '5303e05c64d334feda5fe033d0e5c0a9') in 0.026128 seconds 
========================================================================
Received Import Request.
  Time since last request: 0.000046 seconds.
  path: Assets/Prefabs/Asset store/PolygonalMind/LowPolyOffice/Characters/mesh_office_m_intern01.fbx
  artifactKey: Guid(4a57d19eb4452ff498c17131cefb7882) Importer(815301076,1909f56bfc062723c751e8b465ee728b)
Start importing Assets/Prefabs/Asset store/PolygonalMind/LowPolyOffice/Characters/mesh_office_m_intern01.fbx using Guid(4a57d19eb4452ff498c17131cefb7882) Importer(815301076,1909f56bfc062723c751e8b465ee728b)  -> (artifact id: '96cf716243d6d58c7689d30c338bc0d5') in 0.023899 seconds 
========================================================================
Received Import Request.
  Time since last request: 1.651892 seconds.
  path: Assets/Prefabs/Asset store/PolygonalMind/LowPolyOffice/Props/mesh_aidKit.fbx
  artifactKey: Guid(7dd464caffe1190458015e2364538a52) Importer(815301076,1909f56bfc062723c751e8b465ee728b)
Start importing Assets/Prefabs/Asset store/PolygonalMind/LowPolyOffice/Props/mesh_aidKit.fbx using Guid(7dd464caffe1190458015e2364538a52) Importer(815301076,1909f56bfc062723c751e8b465ee728b)  -> (artifact id: 'eb697d46e8ec140f3d8fb7088795d01e') in 0.018603 seconds 
========================================================================
Received Import Request.
  Time since last request: 0.000015 seconds.
  path: Assets/Prefabs/Asset store/PolygonalMind/LowPolyOffice/Props/mesh_flexo.fbx
  artifactKey: Guid(3a6e9d20196fd4845aa513aa3c08d70b) Importer(815301076,1909f56bfc062723c751e8b465ee728b)
Start importing Assets/Prefabs/Asset store/PolygonalMind/LowPolyOffice/Props/mesh_flexo.fbx using Guid(3a6e9d20196fd4845aa513aa3c08d70b) Importer(815301076,1909f56bfc062723c751e8b465ee728b)  -> (artifact id: '351aabfab1aad8fc4a04697b21f54da2') in 0.016701 seconds 
========================================================================
Received Import Request.
  Time since last request: 0.000018 seconds.
  path: Assets/Prefabs/Asset store/PolygonalMind/LowPolyOffice/Props/mesh_pen_01.fbx
  artifactKey: Guid(fe8110ab3fb4cb040a78004d51cc44e3) Importer(815301076,1909f56bfc062723c751e8b465ee728b)
Start importing Assets/Prefabs/Asset store/PolygonalMind/LowPolyOffice/Props/mesh_pen_01.fbx using Guid(fe8110ab3fb4cb040a78004d51cc44e3) Importer(815301076,1909f56bfc062723c751e8b465ee728b)  -> (artifact id: '65b8dd49c30843ac94b036c41c3248ce') in 0.015642 seconds 
========================================================================
Received Import Request.
  Time since last request: 0.000030 seconds.
  path: Assets/Prefabs/Asset store/PolygonalMind/LowPolyOffice/Props/mesh_firealarm.fbx
  artifactKey: Guid(272d9501e72e3c44b97e02c68ca6835f) Importer(815301076,1909f56bfc062723c751e8b465ee728b)
Start importing Assets/Prefabs/Asset store/PolygonalMind/LowPolyOffice/Props/mesh_firealarm.fbx using Guid(272d9501e72e3c44b97e02c68ca6835f) Importer(815301076,1909f56bfc062723c751e8b465ee728b)  -> (artifact id: '1d75ba72bddf740527a31e917aced2a9') in 0.018237 seconds 
========================================================================
Received Import Request.
  Time since last request: 0.000030 seconds.
  path: Assets/Prefabs/Asset store/PolygonalMind/LowPolyOffice/Props/mesh_eraser.fbx
  artifactKey: Guid(68fd357edabc8f14ab368201b1678cfc) Importer(815301076,1909f56bfc062723c751e8b465ee728b)
Start importing Assets/Prefabs/Asset store/PolygonalMind/LowPolyOffice/Props/mesh_eraser.fbx using Guid(68fd357edabc8f14ab368201b1678cfc) Importer(815301076,1909f56bfc062723c751e8b465ee728b)  -> (artifact id: '423c87a897dc9c6a43c2534d85067fa8') in 0.021098 seconds 
========================================================================
Received Import Request.
  Time since last request: 0.000035 seconds.
  path: Assets/Prefabs/Asset store/PolygonalMind/LowPolyOffice/Props/wall(Clone).prefab
  artifactKey: Guid(9b9ff3df15d109a48b665d8750e7d276) Importer(815301076,1909f56bfc062723c751e8b465ee728b)
Start importing Assets/Prefabs/Asset store/PolygonalMind/LowPolyOffice/Props/wall(Clone).prefab using Guid(9b9ff3df15d109a48b665d8750e7d276) Importer(815301076,1909f56bfc062723c751e8b465ee728b)  -> (artifact id: '1b929eb50ad01de7c39bcf7380402874') in 0.014243 seconds 
========================================================================
Received Import Request.
  Time since last request: 0.000038 seconds.
  path: Assets/Prefabs/Asset store/PolygonalMind/LowPolyOffice/Props/mesh_vr_01.fbx
  artifactKey: Guid(b7b25063469096f42adc4e3ffa7525a0) Importer(815301076,1909f56bfc062723c751e8b465ee728b)
Start importing Assets/Prefabs/Asset store/PolygonalMind/LowPolyOffice/Props/mesh_vr_01.fbx using Guid(b7b25063469096f42adc4e3ffa7525a0) Importer(815301076,1909f56bfc062723c751e8b465ee728b)  -> (artifact id: '85f6984b880e10441e291a79d1583ec1') in 0.020097 seconds 
========================================================================
Received Import Request.
  Time since last request: 0.000029 seconds.
  path: Assets/Prefabs/Asset store/PolygonalMind/LowPolyOffice/Props/Mesh_Wall_X.fbx
  artifactKey: Guid(0baccc79203f06a4ebbde1333aeaa638) Importer(815301076,1909f56bfc062723c751e8b465ee728b)
Start importing Assets/Prefabs/Asset store/PolygonalMind/LowPolyOffice/Props/Mesh_Wall_X.fbx using Guid(0baccc79203f06a4ebbde1333aeaa638) Importer(815301076,1909f56bfc062723c751e8b465ee728b)  -> (artifact id: 'f697dbe7b0ce8a0ec0cc7e51209fa197') in 0.017937 seconds 
========================================================================
Received Import Request.
  Time since last request: 0.000030 seconds.
  path: Assets/Prefabs/Asset store/PolygonalMind/LowPolyOffice/Props/mesh_clock 1.fbx
  artifactKey: Guid(a0c5c31f3a72cb5489d25412535caaab) Importer(815301076,1909f56bfc062723c751e8b465ee728b)
Start importing Assets/Prefabs/Asset store/PolygonalMind/LowPolyOffice/Props/mesh_clock 1.fbx using Guid(a0c5c31f3a72cb5489d25412535caaab) Importer(815301076,1909f56bfc062723c751e8b465ee728b)  -> (artifact id: '4bd616da6148989c127f231a3f422d05') in 0.030823 seconds 
========================================================================
Received Import Request.
  Time since last request: 0.000026 seconds.
  path: Assets/Prefabs/Asset store/PolygonalMind/LowPolyOffice/Props/mesh_whiteBoard.fbx
  artifactKey: Guid(1bef504c6cbc5794997df0dd46bb4c40) Importer(815301076,1909f56bfc062723c751e8b465ee728b)
Start importing Assets/Prefabs/Asset store/PolygonalMind/LowPolyOffice/Props/mesh_whiteBoard.fbx using Guid(1bef504c6cbc5794997df0dd46bb4c40) Importer(815301076,1909f56bfc062723c751e8b465ee728b)  -> (artifact id: 'd45f2f897082b5fe2ac12fe61e494134') in 0.051133 seconds 
========================================================================
Received Import Request.
  Time since last request: 0.000024 seconds.
  path: Assets/Prefabs/Asset store/PolygonalMind/LowPolyOffice/Props/mesh_officechair.fbx
  artifactKey: Guid(a3f3f21035a7fec4d8d213a85df99633) Importer(815301076,1909f56bfc062723c751e8b465ee728b)
Start importing Assets/Prefabs/Asset store/PolygonalMind/LowPolyOffice/Props/mesh_officechair.fbx using Guid(a3f3f21035a7fec4d8d213a85df99633) Importer(815301076,1909f56bfc062723c751e8b465ee728b)  -> (artifact id: '210f2d13b8efc2fb500d361599e39dbe') in 0.018043 seconds 
========================================================================
Received Import Request.
  Time since last request: 0.000024 seconds.
  path: Assets/Prefabs/Asset store/PolygonalMind/LowPolyOffice/Props/Mesh_Lingote.fbx
  artifactKey: Guid(a58013f0177348545a4cf949d94789c7) Importer(815301076,1909f56bfc062723c751e8b465ee728b)
Start importing Assets/Prefabs/Asset store/PolygonalMind/LowPolyOffice/Props/Mesh_Lingote.fbx using Guid(a58013f0177348545a4cf949d94789c7) Importer(815301076,1909f56bfc062723c751e8b465ee728b)  -> (artifact id: 'c1c716186be953cb63a13177a6b15940') in 0.015832 seconds 
========================================================================
Received Import Request.
  Time since last request: 0.000030 seconds.
  path: Assets/Prefabs/Asset store/PolygonalMind/LowPolyOffice/Props/mesh_fireHose.fbx
  artifactKey: Guid(7cf3a72069c8cd14ab65dc1fbb7f16a4) Importer(815301076,1909f56bfc062723c751e8b465ee728b)
Start importing Assets/Prefabs/Asset store/PolygonalMind/LowPolyOffice/Props/mesh_fireHose.fbx using Guid(7cf3a72069c8cd14ab65dc1fbb7f16a4) Importer(815301076,1909f56bfc062723c751e8b465ee728b)  -> (artifact id: 'b5946e6eabd838fa099c5946ec3d7c14') in 0.015686 seconds 
========================================================================
Received Prepare
Registering precompiled user dll's ...
Registered in 0.004624 seconds.
Begin MonoManager ReloadAssembly
Symbol file LoadedFromMemory doesn't match image C:\Users\Matth\Documents\GitHub\ProgrammeringsEksamen-\Virtuel Shopping\Library\PackageCache\com.unity.visualscripting@1.7.5\Editor\VisualScripting.Core\Dependencies\YamlDotNet\Unity.VisualScripting.YamlDotNet.dll
Symbol file LoadedFromMemory doesn't match image C:\Users\Matth\Documents\GitHub\ProgrammeringsEksamen-\Virtuel Shopping\Library\PackageCache\com.unity.visualscripting@1.7.5\Editor\VisualScripting.Core\Dependencies\DotNetZip\Unity.VisualScripting.IonicZip.dll
Native extension for WindowsStandalone target not found
Native extension for WebGL target not found
Refreshing native plugins compatible for Editor in 0.52 ms, found 3 plugins.
Preloading 0 native plugins for Editor in 0.00 ms.
Mono: successfully reloaded assembly
- Completed reload, in  0.896 seconds
Domain Reload Profiling:
	ReloadAssembly (897ms)
		BeginReloadAssembly (121ms)
			ExecutionOrderSort (0ms)
			DisableScriptedObjects (4ms)
			BackupInstance (0ms)
			ReleaseScriptingObjects (0ms)
			CreateAndSetChildDomain (31ms)
		EndReloadAssembly (692ms)
			LoadAssemblies (66ms)
			RebuildTransferFunctionScriptingTraits (0ms)
			SetupTypeCache (230ms)
			ReleaseScriptCaches (1ms)
			RebuildScriptCaches (35ms)
			SetupLoadedEditorAssemblies (275ms)
				LogAssemblyErrors (0ms)
				InitializePlatformSupportModulesInManaged (12ms)
				SetLoadedEditorAssemblies (0ms)
				RefreshPlugins (1ms)
				BeforeProcessingInitializeOnLoad (59ms)
				ProcessInitializeOnLoadAttributes (177ms)
				ProcessInitializeOnLoadMethodAttributes (19ms)
				AfterProcessingInitializeOnLoad (7ms)
				EditorAssembliesLoaded (0ms)
			ExecutionOrderSort2 (0ms)
			AwakeInstancesAfterBackupRestoration (5ms)
Platform modules already initialized, skipping
Refreshing native plugins compatible for Editor in 0.79 ms, found 3 plugins.
Preloading 0 native plugins for Editor in 0.00 ms.
Unloading 3207 Unused Serialized files (Serialized files now loaded: 0)
Unloading 21 unused Assets / (79.0 KB). Loaded Objects now: 3685.
Memory consumption went from 132.0 MB to 131.9 MB.
Total: 2.551100 ms (FindLiveObjects: 0.309100 ms CreateObjectMapping: 0.257300 ms MarkObjects: 1.912700 ms  DeleteObjects: 0.071100 ms)

AssetImportParameters requested are different than current active one (requested -> active):
  custom:video-decoder-ogg-theora: a1e56fd34408186e4bbccfd4996cb3dc -> 
  custom:container-muxer-webm: aa71ff27fc2769a1b78a27578f13a17b -> 
  custom:container-demuxer-webm: 4f35f7cbe854078d1ac9338744f61a02 -> 
  custom:video-encoder-webm-vp8: eb34c28f22e8b96e1ab97ce403110664 -> 
  custom:audio-encoder-webm-vorbis: bf7c407c2cedff20999df2af8eb42d56 -> 
  custom:framework-win-MediaFoundation: 216162199b28c13a410421893ffa2e32 -> 
  custom:container-demuxer-ogg: 62fdf1f143b41e24485cea50d1cbac27 -> 
  custom:video-decoder-webm-vp8: 9c59270c3fd7afecdb556c50c9e8de78 -> 
  custom:audio-decoder-ogg-vorbis: bf7c407c2cedff20999df2af8eb42d56 -> 
